<?xml version="1.0" encoding="utf-8"?>
<testsuites>
<testsuite package="org.eslint" time="0" tests="1" errors="0" name="/Users/evy/Documents/AppCivico/tide/source/scripts/chart/downloadCharts.js">
<testcase time="0" name="/Users/evy/Documents/AppCivico/tide/source/scripts/chart/downloadCharts.js" />
</testsuite>
<testsuite package="org.eslint" time="0" tests="1" errors="0" name="/Users/evy/Documents/AppCivico/tide/source/scripts/chart/filter/clearFilters.js">
<testcase time="0" name="/Users/evy/Documents/AppCivico/tide/source/scripts/chart/filter/clearFilters.js" />
</testsuite>
<testsuite package="org.eslint" time="0" tests="1" errors="0" name="/Users/evy/Documents/AppCivico/tide/source/scripts/chart/filter/highlightPoint.js">
<testcase time="0" name="/Users/evy/Documents/AppCivico/tide/source/scripts/chart/filter/highlightPoint.js" />
</testsuite>
<testsuite package="org.eslint" time="0" tests="1" errors="0" name="/Users/evy/Documents/AppCivico/tide/source/scripts/chart/filter/index.js">
<testcase time="0" name="/Users/evy/Documents/AppCivico/tide/source/scripts/chart/filter/index.js" />
</testsuite>
<testsuite package="org.eslint" time="0" tests="1" errors="1" name="/Users/evy/Documents/AppCivico/tide/source/scripts/chart/getChartData.js">
<testcase time="0" name="org.eslint.no-console"><failure message="Unexpected console statement."><![CDATA[line 27, col 7, Warning - Unexpected console statement. (no-console)]]></failure></testcase>
</testsuite>
<testsuite package="org.eslint" time="0" tests="1" errors="0" name="/Users/evy/Documents/AppCivico/tide/source/scripts/chart/index.js">
<testcase time="0" name="/Users/evy/Documents/AppCivico/tide/source/scripts/chart/index.js" />
</testsuite>
<testsuite package="org.eslint" time="0" tests="1" errors="1" name="/Users/evy/Documents/AppCivico/tide/source/scripts/chart/plotCharts.js">
<testcase time="0" name="org.eslint.no-console"><failure message="Unexpected console statement."><![CDATA[line 168, col 7, Warning - Unexpected console statement. (no-console)]]></failure></testcase>
</testsuite>
<testsuite package="org.eslint" time="0" tests="1" errors="0" name="/Users/evy/Documents/AppCivico/tide/source/scripts/chart/sizeToggle.js">
<testcase time="0" name="/Users/evy/Documents/AppCivico/tide/source/scripts/chart/sizeToggle.js" />
</testsuite>
<testsuite package="org.eslint" time="0" tests="1" errors="0" name="/Users/evy/Documents/AppCivico/tide/source/scripts/chart/updateTableInfo.js">
<testcase time="0" name="/Users/evy/Documents/AppCivico/tide/source/scripts/chart/updateTableInfo.js" />
</testsuite>
<testsuite package="org.eslint" time="0" tests="1" errors="0" name="/Users/evy/Documents/AppCivico/tide/source/scripts/config.js">
<testcase time="0" name="/Users/evy/Documents/AppCivico/tide/source/scripts/config.js" />
</testsuite>
<testsuite package="org.eslint" time="0" tests="1" errors="0" name="/Users/evy/Documents/AppCivico/tide/source/scripts/contactForm/index.js">
<testcase time="0" name="/Users/evy/Documents/AppCivico/tide/source/scripts/contactForm/index.js" />
</testsuite>
<testsuite package="org.eslint" time="0" tests="1" errors="0" name="/Users/evy/Documents/AppCivico/tide/source/scripts/index.js">
<testcase time="0" name="/Users/evy/Documents/AppCivico/tide/source/scripts/index.js" />
</testsuite>
<testsuite package="org.eslint" time="0" tests="1" errors="0" name="/Users/evy/Documents/AppCivico/tide/source/scripts/menuToggle/index.js">
<testcase time="0" name="/Users/evy/Documents/AppCivico/tide/source/scripts/menuToggle/index.js" />
</testsuite>
<testsuite package="org.eslint" time="0" tests="1" errors="0" name="/Users/evy/Documents/AppCivico/tide/source/scripts/slider/index.js">
<testcase time="0" name="/Users/evy/Documents/AppCivico/tide/source/scripts/slider/index.js" />
</testsuite>
<testsuite package="org.eslint" time="0" tests="1" errors="0" name="/Users/evy/Documents/AppCivico/tide/source/scripts/vendor.js">
<testcase time="0" name="/Users/evy/Documents/AppCivico/tide/source/scripts/vendor.js" />
</testsuite>
</testsuites>
