<?xml version="1.0" encoding="utf-8"?>
<testsuites>
<testsuite package="org.eslint" time="0" tests="2" errors="2" name="./source/stylesheets/components/_home-block.scss">
<testcase time="0" name="org.eslint.property-sort-order"><failure message="Expected `flex-grow`, found `flex-shrink`"><![CDATA[line 62, col 3, Warning - Expected `flex-grow`, found `flex-shrink` (property-sort-order)]]></failure></testcase>
<testcase time="0" name="org.eslint.property-sort-order"><failure message="Expected `flex-shrink`, found `flex-grow`"><![CDATA[line 63, col 3, Warning - Expected `flex-shrink`, found `flex-grow` (property-sort-order)]]></failure></testcase>
</testsuite>
<testsuite package="org.eslint" time="0" tests="2" errors="2" name="./source/stylesheets/components/_page-navigation.scss">
<testcase time="0" name="org.eslint.pseudo-element"><failure message="Pseudo-elements must start with double colons"><![CDATA[line 45, col 4, Warning - Pseudo-elements must start with double colons (pseudo-element)]]></failure></testcase>
<testcase time="0" name="org.eslint.pseudo-element"><failure message="Pseudo-elements must start with double colons"><![CDATA[line 54, col 4, Warning - Pseudo-elements must start with double colons (pseudo-element)]]></failure></testcase>
</testsuite>
</testsuites>
