<?xml version="1.0" encoding="utf-8"?>
<testsuites>
<testsuite package="org.eslint" time="0" tests="8" errors="8" name="./source/stylesheets/abstracts/_mixins.scss">
<testcase time="0" name="org.eslint.indentation"><failure message="Mixed tabs and spaces"><![CDATA[line 4, col 3, Warning - Mixed tabs and spaces (indentation)]]></failure></testcase>
<testcase time="0" name="org.eslint.property-sort-order"><failure message="Expected `padding`, found `margin-left`"><![CDATA[line 4, col 3, Warning - Expected `padding`, found `margin-left` (property-sort-order)]]></failure></testcase>
<testcase time="0" name="org.eslint.indentation"><failure message="Mixed tabs and spaces"><![CDATA[line 5, col 3, Warning - Mixed tabs and spaces (indentation)]]></failure></testcase>
<testcase time="0" name="org.eslint.indentation"><failure message="Mixed tabs and spaces"><![CDATA[line 6, col 3, Warning - Mixed tabs and spaces (indentation)]]></failure></testcase>
<testcase time="0" name="org.eslint.property-sort-order"><failure message="Expected `margin-left`, found `padding`"><![CDATA[line 6, col 3, Warning - Expected `margin-left`, found `padding` (property-sort-order)]]></failure></testcase>
<testcase time="0" name="org.eslint.indentation"><failure message="Mixed tabs and spaces"><![CDATA[line 8, col 3, Warning - Mixed tabs and spaces (indentation)]]></failure></testcase>
<testcase time="0" name="org.eslint.indentation"><failure message="Mixed tabs and spaces"><![CDATA[line 9, col 5, Warning - Mixed tabs and spaces (indentation)]]></failure></testcase>
<testcase time="0" name="org.eslint.indentation"><failure message="Mixed tabs and spaces"><![CDATA[line 10, col 5, Warning - Mixed tabs and spaces (indentation)]]></failure></testcase>
</testsuite>
<testsuite package="org.eslint" time="0" tests="21" errors="21" name="./source/stylesheets/components/_buttons.scss">
<testcase time="0" name="org.eslint.indentation"><failure message="Mixed tabs and spaces"><![CDATA[line 2, col 3, Warning - Mixed tabs and spaces (indentation)]]></failure></testcase>
<testcase time="0" name="org.eslint.property-sort-order"><failure message="Expected `padding`, found `background`"><![CDATA[line 2, col 3, Warning - Expected `padding`, found `background` (property-sort-order)]]></failure></testcase>
<testcase time="0" name="org.eslint.property-sort-order"><failure message="Expected `font-size`, found `border-radius`"><![CDATA[line 3, col 3, Warning - Expected `font-size`, found `border-radius` (property-sort-order)]]></failure></testcase>
<testcase time="0" name="org.eslint.indentation"><failure message="Mixed tabs and spaces"><![CDATA[line 3, col 3, Warning - Mixed tabs and spaces (indentation)]]></failure></testcase>
<testcase time="0" name="org.eslint.indentation"><failure message="Mixed tabs and spaces"><![CDATA[line 4, col 3, Warning - Mixed tabs and spaces (indentation)]]></failure></testcase>
<testcase time="0" name="org.eslint.property-sort-order"><failure message="Expected `font-family`, found `border-color`"><![CDATA[line 4, col 3, Warning - Expected `font-family`, found `border-color` (property-sort-order)]]></failure></testcase>
<testcase time="0" name="org.eslint.indentation"><failure message="Mixed tabs and spaces"><![CDATA[line 5, col 3, Warning - Mixed tabs and spaces (indentation)]]></failure></testcase>
<testcase time="0" name="org.eslint.property-sort-order"><failure message="Expected `background`, found `border-style`"><![CDATA[line 5, col 3, Warning - Expected `background`, found `border-style` (property-sort-order)]]></failure></testcase>
<testcase time="0" name="org.eslint.indentation"><failure message="Mixed tabs and spaces"><![CDATA[line 6, col 3, Warning - Mixed tabs and spaces (indentation)]]></failure></testcase>
<testcase time="0" name="org.eslint.property-sort-order"><failure message="Expected `border-style`, found `padding`"><![CDATA[line 7, col 3, Warning - Expected `border-style`, found `padding` (property-sort-order)]]></failure></testcase>
<testcase time="0" name="org.eslint.indentation"><failure message="Mixed tabs and spaces"><![CDATA[line 7, col 3, Warning - Mixed tabs and spaces (indentation)]]></failure></testcase>
<testcase time="0" name="org.eslint.indentation"><failure message="Mixed tabs and spaces"><![CDATA[line 8, col 3, Warning - Mixed tabs and spaces (indentation)]]></failure></testcase>
<testcase time="0" name="org.eslint.property-sort-order"><failure message="Expected `border-color`, found `font-family`"><![CDATA[line 8, col 3, Warning - Expected `border-color`, found `font-family` (property-sort-order)]]></failure></testcase>
<testcase time="0" name="org.eslint.indentation"><failure message="Mixed tabs and spaces"><![CDATA[line 9, col 3, Warning - Mixed tabs and spaces (indentation)]]></failure></testcase>
<testcase time="0" name="org.eslint.property-sort-order"><failure message="Expected `border-radius`, found `font-size`"><![CDATA[line 9, col 3, Warning - Expected `border-radius`, found `font-size` (property-sort-order)]]></failure></testcase>
<testcase time="0" name="org.eslint.indentation"><failure message="Mixed tabs and spaces"><![CDATA[line 13, col 3, Warning - Mixed tabs and spaces (indentation)]]></failure></testcase>
<testcase time="0" name="org.eslint.indentation"><failure message="Mixed tabs and spaces"><![CDATA[line 14, col 3, Warning - Mixed tabs and spaces (indentation)]]></failure></testcase>
<testcase time="0" name="org.eslint.indentation"><failure message="Mixed tabs and spaces"><![CDATA[line 18, col 3, Warning - Mixed tabs and spaces (indentation)]]></failure></testcase>
<testcase time="0" name="org.eslint.indentation"><failure message="Mixed tabs and spaces"><![CDATA[line 19, col 3, Warning - Mixed tabs and spaces (indentation)]]></failure></testcase>
<testcase time="0" name="org.eslint.indentation"><failure message="Mixed tabs and spaces"><![CDATA[line 23, col 3, Warning - Mixed tabs and spaces (indentation)]]></failure></testcase>
<testcase time="0" name="org.eslint.indentation"><failure message="Mixed tabs and spaces"><![CDATA[line 24, col 3, Warning - Mixed tabs and spaces (indentation)]]></failure></testcase>
</testsuite>
<testsuite package="org.eslint" time="0" tests="249" errors="249" name="./source/stylesheets/components/_hero-main.scss">
<testcase time="0" name="org.eslint.indentation"><failure message="Mixed tabs and spaces"><![CDATA[line 2, col 3, Warning - Mixed tabs and spaces (indentation)]]></failure></testcase>
<testcase time="0" name="org.eslint.indentation"><failure message="Mixed tabs and spaces"><![CDATA[line 6, col 3, Warning - Mixed tabs and spaces (indentation)]]></failure></testcase>
<testcase time="0" name="org.eslint.indentation"><failure message="Mixed tabs and spaces"><![CDATA[line 7, col 3, Warning - Mixed tabs and spaces (indentation)]]></failure></testcase>
<testcase time="0" name="org.eslint.indentation"><failure message="Mixed tabs and spaces"><![CDATA[line 8, col 3, Warning - Mixed tabs and spaces (indentation)]]></failure></testcase>
<testcase time="0" name="org.eslint.indentation"><failure message="Mixed tabs and spaces"><![CDATA[line 10, col 3, Warning - Mixed tabs and spaces (indentation)]]></failure></testcase>
<testcase time="0" name="org.eslint.indentation"><failure message="Mixed tabs and spaces"><![CDATA[line 11, col 5, Warning - Mixed tabs and spaces (indentation)]]></failure></testcase>
<testcase time="0" name="org.eslint.indentation"><failure message="Mixed tabs and spaces"><![CDATA[line 12, col 5, Warning - Mixed tabs and spaces (indentation)]]></failure></testcase>
<testcase time="0" name="org.eslint.property-sort-order"><failure message="Expected `display`, found `max-width`"><![CDATA[line 12, col 5, Warning - Expected `display`, found `max-width` (property-sort-order)]]></failure></testcase>
<testcase time="0" name="org.eslint.property-sort-order"><failure message="Expected `align-items`, found `margin`"><![CDATA[line 13, col 5, Warning - Expected `align-items`, found `margin` (property-sort-order)]]></failure></testcase>
<testcase time="0" name="org.eslint.indentation"><failure message="Mixed tabs and spaces"><![CDATA[line 13, col 5, Warning - Mixed tabs and spaces (indentation)]]></failure></testcase>
<testcase time="0" name="org.eslint.property-sort-order"><failure message="Expected `flex-direction`, found `display`"><![CDATA[line 14, col 5, Warning - Expected `flex-direction`, found `display` (property-sort-order)]]></failure></testcase>
<testcase time="0" name="org.eslint.indentation"><failure message="Mixed tabs and spaces"><![CDATA[line 14, col 5, Warning - Mixed tabs and spaces (indentation)]]></failure></testcase>
<testcase time="0" name="org.eslint.property-sort-order"><failure message="Expected `max-width`, found `flex-direction`"><![CDATA[line 15, col 5, Warning - Expected `max-width`, found `flex-direction` (property-sort-order)]]></failure></testcase>
<testcase time="0" name="org.eslint.indentation"><failure message="Mixed tabs and spaces"><![CDATA[line 15, col 5, Warning - Mixed tabs and spaces (indentation)]]></failure></testcase>
<testcase time="0" name="org.eslint.indentation"><failure message="Mixed tabs and spaces"><![CDATA[line 16, col 5, Warning - Mixed tabs and spaces (indentation)]]></failure></testcase>
<testcase time="0" name="org.eslint.property-sort-order"><failure message="Expected `margin`, found `align-items`"><![CDATA[line 16, col 5, Warning - Expected `margin`, found `align-items` (property-sort-order)]]></failure></testcase>
<testcase time="0" name="org.eslint.indentation"><failure message="Mixed tabs and spaces"><![CDATA[line 19, col 3, Warning - Mixed tabs and spaces (indentation)]]></failure></testcase>
<testcase time="0" name="org.eslint.indentation"><failure message="Mixed tabs and spaces"><![CDATA[line 20, col 5, Warning - Mixed tabs and spaces (indentation)]]></failure></testcase>
<testcase time="0" name="org.eslint.indentation"><failure message="Mixed tabs and spaces"><![CDATA[line 21, col 5, Warning - Mixed tabs and spaces (indentation)]]></failure></testcase>
<testcase time="0" name="org.eslint.indentation"><failure message="Mixed tabs and spaces"><![CDATA[line 22, col 5, Warning - Mixed tabs and spaces (indentation)]]></failure></testcase>
<testcase time="0" name="org.eslint.property-sort-order"><failure message="Expected `font-family`, found `color`"><![CDATA[line 22, col 5, Warning - Expected `font-family`, found `color` (property-sort-order)]]></failure></testcase>
<testcase time="0" name="org.eslint.property-sort-order"><failure message="Expected `color`, found `font-family`"><![CDATA[line 23, col 5, Warning - Expected `color`, found `font-family` (property-sort-order)]]></failure></testcase>
<testcase time="0" name="org.eslint.indentation"><failure message="Mixed tabs and spaces"><![CDATA[line 23, col 5, Warning - Mixed tabs and spaces (indentation)]]></failure></testcase>
<testcase time="0" name="org.eslint.indentation"><failure message="Mixed tabs and spaces"><![CDATA[line 25, col 5, Warning - Mixed tabs and spaces (indentation)]]></failure></testcase>
<testcase time="0" name="org.eslint.indentation"><failure message="Mixed tabs and spaces"><![CDATA[line 26, col 7, Warning - Mixed tabs and spaces (indentation)]]></failure></testcase>
<testcase time="0" name="org.eslint.property-sort-order"><failure message="Expected `max-width`, found `margin`"><![CDATA[line 26, col 7, Warning - Expected `max-width`, found `margin` (property-sort-order)]]></failure></testcase>
<testcase time="0" name="org.eslint.indentation"><failure message="Mixed tabs and spaces"><![CDATA[line 27, col 7, Warning - Mixed tabs and spaces (indentation)]]></failure></testcase>
<testcase time="0" name="org.eslint.property-sort-order"><failure message="Expected `padding-right`, found `max-width`"><![CDATA[line 27, col 7, Warning - Expected `padding-right`, found `max-width` (property-sort-order)]]></failure></testcase>
<testcase time="0" name="org.eslint.property-sort-order"><failure message="Expected `margin`, found `text-align`"><![CDATA[line 28, col 7, Warning - Expected `margin`, found `text-align` (property-sort-order)]]></failure></testcase>
<testcase time="0" name="org.eslint.indentation"><failure message="Mixed tabs and spaces"><![CDATA[line 28, col 7, Warning - Mixed tabs and spaces (indentation)]]></failure></testcase>
<testcase time="0" name="org.eslint.property-sort-order"><failure message="Expected `text-align`, found `padding-right`"><![CDATA[line 29, col 7, Warning - Expected `text-align`, found `padding-right` (property-sort-order)]]></failure></testcase>
<testcase time="0" name="org.eslint.indentation"><failure message="Mixed tabs and spaces"><![CDATA[line 29, col 7, Warning - Mixed tabs and spaces (indentation)]]></failure></testcase>
<testcase time="0" name="org.eslint.indentation"><failure message="Mixed tabs and spaces"><![CDATA[line 32, col 5, Warning - Mixed tabs and spaces (indentation)]]></failure></testcase>
<testcase time="0" name="org.eslint.indentation"><failure message="Mixed tabs and spaces"><![CDATA[line 33, col 7, Warning - Mixed tabs and spaces (indentation)]]></failure></testcase>
<testcase time="0" name="org.eslint.indentation"><failure message="Mixed tabs and spaces"><![CDATA[line 34, col 7, Warning - Mixed tabs and spaces (indentation)]]></failure></testcase>
<testcase time="0" name="org.eslint.property-sort-order"><failure message="Expected `padding`, found `margin`"><![CDATA[line 34, col 7, Warning - Expected `padding`, found `margin` (property-sort-order)]]></failure></testcase>
<testcase time="0" name="org.eslint.indentation"><failure message="Mixed tabs and spaces"><![CDATA[line 35, col 7, Warning - Mixed tabs and spaces (indentation)]]></failure></testcase>
<testcase time="0" name="org.eslint.property-sort-order"><failure message="Expected `margin`, found `padding`"><![CDATA[line 35, col 7, Warning - Expected `margin`, found `padding` (property-sort-order)]]></failure></testcase>
<testcase time="0" name="org.eslint.indentation"><failure message="Mixed tabs and spaces"><![CDATA[line 36, col 7, Warning - Mixed tabs and spaces (indentation)]]></failure></testcase>
<testcase time="0" name="org.eslint.property-sort-order"><failure message="Expected `line-height`, found `text-align`"><![CDATA[line 36, col 7, Warning - Expected `line-height`, found `text-align` (property-sort-order)]]></failure></testcase>
<testcase time="0" name="org.eslint.indentation"><failure message="Mixed tabs and spaces"><![CDATA[line 37, col 7, Warning - Mixed tabs and spaces (indentation)]]></failure></testcase>
<testcase time="0" name="org.eslint.property-sort-order"><failure message="Expected `font-family`, found `color`"><![CDATA[line 37, col 7, Warning - Expected `font-family`, found `color` (property-sort-order)]]></failure></testcase>
<testcase time="0" name="org.eslint.indentation"><failure message="Mixed tabs and spaces"><![CDATA[line 38, col 7, Warning - Mixed tabs and spaces (indentation)]]></failure></testcase>
<testcase time="0" name="org.eslint.property-sort-order"><failure message="Expected `text-align`, found `line-height`"><![CDATA[line 38, col 7, Warning - Expected `text-align`, found `line-height` (property-sort-order)]]></failure></testcase>
<testcase time="0" name="org.eslint.indentation"><failure message="Mixed tabs and spaces"><![CDATA[line 39, col 7, Warning - Mixed tabs and spaces (indentation)]]></failure></testcase>
<testcase time="0" name="org.eslint.property-sort-order"><failure message="Expected `color`, found `font-family`"><![CDATA[line 39, col 7, Warning - Expected `color`, found `font-family` (property-sort-order)]]></failure></testcase>
<testcase time="0" name="org.eslint.indentation"><failure message="Mixed tabs and spaces"><![CDATA[line 41, col 7, Warning - Mixed tabs and spaces (indentation)]]></failure></testcase>
<testcase time="0" name="org.eslint.property-sort-order"><failure message="Expected `padding-bottom`, found `text-align`"><![CDATA[line 42, col 9, Warning - Expected `padding-bottom`, found `text-align` (property-sort-order)]]></failure></testcase>
<testcase time="0" name="org.eslint.indentation"><failure message="Mixed tabs and spaces"><![CDATA[line 42, col 9, Warning - Mixed tabs and spaces (indentation)]]></failure></testcase>
<testcase time="0" name="org.eslint.indentation"><failure message="Mixed tabs and spaces"><![CDATA[line 43, col 9, Warning - Mixed tabs and spaces (indentation)]]></failure></testcase>
<testcase time="0" name="org.eslint.indentation"><failure message="Mixed tabs and spaces"><![CDATA[line 44, col 9, Warning - Mixed tabs and spaces (indentation)]]></failure></testcase>
<testcase time="0" name="org.eslint.indentation"><failure message="Mixed tabs and spaces"><![CDATA[line 45, col 9, Warning - Mixed tabs and spaces (indentation)]]></failure></testcase>
<testcase time="0" name="org.eslint.property-sort-order"><failure message="Expected `text-align`, found `padding-bottom`"><![CDATA[line 45, col 9, Warning - Expected `text-align`, found `padding-bottom` (property-sort-order)]]></failure></testcase>
<testcase time="0" name="org.eslint.indentation"><failure message="Mixed tabs and spaces"><![CDATA[line 49, col 5, Warning - Mixed tabs and spaces (indentation)]]></failure></testcase>
<testcase time="0" name="org.eslint.indentation"><failure message="Mixed tabs and spaces"><![CDATA[line 50, col 7, Warning - Mixed tabs and spaces (indentation)]]></failure></testcase>
<testcase time="0" name="org.eslint.indentation"><failure message="Mixed tabs and spaces"><![CDATA[line 51, col 7, Warning - Mixed tabs and spaces (indentation)]]></failure></testcase>
<testcase time="0" name="org.eslint.indentation"><failure message="Mixed tabs and spaces"><![CDATA[line 53, col 7, Warning - Mixed tabs and spaces (indentation)]]></failure></testcase>
<testcase time="0" name="org.eslint.indentation"><failure message="Mixed tabs and spaces"><![CDATA[line 54, col 9, Warning - Mixed tabs and spaces (indentation)]]></failure></testcase>
<testcase time="0" name="org.eslint.property-sort-order"><failure message="Expected `display`, found `margin-top`"><![CDATA[line 54, col 9, Warning - Expected `display`, found `margin-top` (property-sort-order)]]></failure></testcase>
<testcase time="0" name="org.eslint.property-sort-order"><failure message="Expected `width`, found `display`"><![CDATA[line 55, col 9, Warning - Expected `width`, found `display` (property-sort-order)]]></failure></testcase>
<testcase time="0" name="org.eslint.indentation"><failure message="Mixed tabs and spaces"><![CDATA[line 55, col 9, Warning - Mixed tabs and spaces (indentation)]]></failure></testcase>
<testcase time="0" name="org.eslint.property-sort-order"><failure message="Expected `margin-top`, found `font-size`"><![CDATA[line 56, col 9, Warning - Expected `margin-top`, found `font-size` (property-sort-order)]]></failure></testcase>
<testcase time="0" name="org.eslint.indentation"><failure message="Mixed tabs and spaces"><![CDATA[line 56, col 9, Warning - Mixed tabs and spaces (indentation)]]></failure></testcase>
<testcase time="0" name="org.eslint.property-sort-order"><failure message="Expected `font-size`, found `width`"><![CDATA[line 57, col 9, Warning - Expected `font-size`, found `width` (property-sort-order)]]></failure></testcase>
<testcase time="0" name="org.eslint.indentation"><failure message="Mixed tabs and spaces"><![CDATA[line 57, col 9, Warning - Mixed tabs and spaces (indentation)]]></failure></testcase>
<testcase time="0" name="org.eslint.indentation"><failure message="Mixed tabs and spaces"><![CDATA[line 62, col 3, Warning - Mixed tabs and spaces (indentation)]]></failure></testcase>
<testcase time="0" name="org.eslint.indentation"><failure message="Mixed tabs and spaces"><![CDATA[line 63, col 5, Warning - Mixed tabs and spaces (indentation)]]></failure></testcase>
<testcase time="0" name="org.eslint.indentation"><failure message="Mixed tabs and spaces"><![CDATA[line 64, col 5, Warning - Mixed tabs and spaces (indentation)]]></failure></testcase>
<testcase time="0" name="org.eslint.indentation"><failure message="Mixed tabs and spaces"><![CDATA[line 65, col 5, Warning - Mixed tabs and spaces (indentation)]]></failure></testcase>
<testcase time="0" name="org.eslint.property-sort-order"><failure message="Expected `left`, found `width`"><![CDATA[line 65, col 5, Warning - Expected `left`, found `width` (property-sort-order)]]></failure></testcase>
<testcase time="0" name="org.eslint.property-sort-order"><failure message="Expected `width`, found `left`"><![CDATA[line 66, col 5, Warning - Expected `width`, found `left` (property-sort-order)]]></failure></testcase>
<testcase time="0" name="org.eslint.indentation"><failure message="Mixed tabs and spaces"><![CDATA[line 66, col 5, Warning - Mixed tabs and spaces (indentation)]]></failure></testcase>
<testcase time="0" name="org.eslint.indentation"><failure message="Mixed tabs and spaces"><![CDATA[line 67, col 5, Warning - Mixed tabs and spaces (indentation)]]></failure></testcase>
<testcase time="0" name="org.eslint.indentation"><failure message="Mixed tabs and spaces"><![CDATA[line 68, col 5, Warning - Mixed tabs and spaces (indentation)]]></failure></testcase>
<testcase time="0" name="org.eslint.indentation"><failure message="Mixed tabs and spaces"><![CDATA[line 70, col 7, Warning - Mixed tabs and spaces (indentation)]]></failure></testcase>
<testcase time="0" name="org.eslint.indentation"><failure message="Mixed tabs and spaces"><![CDATA[line 71, col 9, Warning - Mixed tabs and spaces (indentation)]]></failure></testcase>
<testcase time="0" name="org.eslint.property-sort-order"><failure message="Expected `left`, found `width`"><![CDATA[line 71, col 9, Warning - Expected `left`, found `width` (property-sort-order)]]></failure></testcase>
<testcase time="0" name="org.eslint.property-sort-order"><failure message="Expected `width`, found `left`"><![CDATA[line 72, col 9, Warning - Expected `width`, found `left` (property-sort-order)]]></failure></testcase>
<testcase time="0" name="org.eslint.indentation"><failure message="Mixed tabs and spaces"><![CDATA[line 72, col 9, Warning - Mixed tabs and spaces (indentation)]]></failure></testcase>
<testcase time="0" name="org.eslint.indentation"><failure message="Mixed tabs and spaces"><![CDATA[line 75, col 5, Warning - Mixed tabs and spaces (indentation)]]></failure></testcase>
<testcase time="0" name="org.eslint.indentation"><failure message="Mixed tabs and spaces"><![CDATA[line 76, col 7, Warning - Mixed tabs and spaces (indentation)]]></failure></testcase>
<testcase time="0" name="org.eslint.property-sort-order"><failure message="Expected `position`, found `width`"><![CDATA[line 76, col 7, Warning - Expected `position`, found `width` (property-sort-order)]]></failure></testcase>
<testcase time="0" name="org.eslint.indentation"><failure message="Mixed tabs and spaces"><![CDATA[line 77, col 7, Warning - Mixed tabs and spaces (indentation)]]></failure></testcase>
<testcase time="0" name="org.eslint.property-sort-order"><failure message="Expected `top`, found `height`"><![CDATA[line 77, col 7, Warning - Expected `top`, found `height` (property-sort-order)]]></failure></testcase>
<testcase time="0" name="org.eslint.indentation"><failure message="Mixed tabs and spaces"><![CDATA[line 78, col 7, Warning - Mixed tabs and spaces (indentation)]]></failure></testcase>
<testcase time="0" name="org.eslint.property-sort-order"><failure message="Expected `left`, found `border-radius`"><![CDATA[line 78, col 7, Warning - Expected `left`, found `border-radius` (property-sort-order)]]></failure></testcase>
<testcase time="0" name="org.eslint.property-sort-order"><failure message="Expected `display`, found `background`"><![CDATA[line 79, col 7, Warning - Expected `display`, found `background` (property-sort-order)]]></failure></testcase>
<testcase time="0" name="org.eslint.indentation"><failure message="Mixed tabs and spaces"><![CDATA[line 79, col 7, Warning - Mixed tabs and spaces (indentation)]]></failure></testcase>
<testcase time="0" name="org.eslint.property-sort-order"><failure message="Expected `width`, found `display`"><![CDATA[line 80, col 7, Warning - Expected `width`, found `display` (property-sort-order)]]></failure></testcase>
<testcase time="0" name="org.eslint.indentation"><failure message="Mixed tabs and spaces"><![CDATA[line 80, col 7, Warning - Mixed tabs and spaces (indentation)]]></failure></testcase>
<testcase time="0" name="org.eslint.indentation"><failure message="Mixed tabs and spaces"><![CDATA[line 81, col 7, Warning - Mixed tabs and spaces (indentation)]]></failure></testcase>
<testcase time="0" name="org.eslint.property-sort-order"><failure message="Expected `height`, found `position`"><![CDATA[line 81, col 7, Warning - Expected `height`, found `position` (property-sort-order)]]></failure></testcase>
<testcase time="0" name="org.eslint.indentation"><failure message="Mixed tabs and spaces"><![CDATA[line 82, col 7, Warning - Mixed tabs and spaces (indentation)]]></failure></testcase>
<testcase time="0" name="org.eslint.property-sort-order"><failure message="Expected `background`, found `left`"><![CDATA[line 82, col 7, Warning - Expected `background`, found `left` (property-sort-order)]]></failure></testcase>
<testcase time="0" name="org.eslint.indentation"><failure message="Mixed tabs and spaces"><![CDATA[line 83, col 7, Warning - Mixed tabs and spaces (indentation)]]></failure></testcase>
<testcase time="0" name="org.eslint.property-sort-order"><failure message="Expected `border-radius`, found `top`"><![CDATA[line 83, col 7, Warning - Expected `border-radius`, found `top` (property-sort-order)]]></failure></testcase>
<testcase time="0" name="org.eslint.indentation"><failure message="Mixed tabs and spaces"><![CDATA[line 86, col 7, Warning - Mixed tabs and spaces (indentation)]]></failure></testcase>
<testcase time="0" name="org.eslint.indentation"><failure message="Mixed tabs and spaces"><![CDATA[line 87, col 9, Warning - Mixed tabs and spaces (indentation)]]></failure></testcase>
<testcase time="0" name="org.eslint.property-sort-order"><failure message="Expected `top`, found `width`"><![CDATA[line 87, col 9, Warning - Expected `top`, found `width` (property-sort-order)]]></failure></testcase>
<testcase time="0" name="org.eslint.indentation"><failure message="Mixed tabs and spaces"><![CDATA[line 88, col 9, Warning - Mixed tabs and spaces (indentation)]]></failure></testcase>
<testcase time="0" name="org.eslint.property-sort-order"><failure message="Expected `left`, found `height`"><![CDATA[line 88, col 9, Warning - Expected `left`, found `height` (property-sort-order)]]></failure></testcase>
<testcase time="0" name="org.eslint.property-sort-order"><failure message="Expected `z-index`, found `left`"><![CDATA[line 89, col 9, Warning - Expected `z-index`, found `left` (property-sort-order)]]></failure></testcase>
<testcase time="0" name="org.eslint.indentation"><failure message="Mixed tabs and spaces"><![CDATA[line 89, col 9, Warning - Mixed tabs and spaces (indentation)]]></failure></testcase>
<testcase time="0" name="org.eslint.property-sort-order"><failure message="Expected `width`, found `top`"><![CDATA[line 90, col 9, Warning - Expected `width`, found `top` (property-sort-order)]]></failure></testcase>
<testcase time="0" name="org.eslint.indentation"><failure message="Mixed tabs and spaces"><![CDATA[line 90, col 9, Warning - Mixed tabs and spaces (indentation)]]></failure></testcase>
<testcase time="0" name="org.eslint.property-sort-order"><failure message="Expected `height`, found `z-index`"><![CDATA[line 91, col 9, Warning - Expected `height`, found `z-index` (property-sort-order)]]></failure></testcase>
<testcase time="0" name="org.eslint.indentation"><failure message="Mixed tabs and spaces"><![CDATA[line 91, col 9, Warning - Mixed tabs and spaces (indentation)]]></failure></testcase>
<testcase time="0" name="org.eslint.indentation"><failure message="Mixed tabs and spaces"><![CDATA[line 94, col 7, Warning - Mixed tabs and spaces (indentation)]]></failure></testcase>
<testcase time="0" name="org.eslint.indentation"><failure message="Mixed tabs and spaces"><![CDATA[line 95, col 9, Warning - Mixed tabs and spaces (indentation)]]></failure></testcase>
<testcase time="0" name="org.eslint.indentation"><failure message="Mixed tabs and spaces"><![CDATA[line 99, col 5, Warning - Mixed tabs and spaces (indentation)]]></failure></testcase>
<testcase time="0" name="org.eslint.property-sort-order"><failure message="Expected `top`, found `width`"><![CDATA[line 100, col 7, Warning - Expected `top`, found `width` (property-sort-order)]]></failure></testcase>
<testcase time="0" name="org.eslint.indentation"><failure message="Mixed tabs and spaces"><![CDATA[line 100, col 7, Warning - Mixed tabs and spaces (indentation)]]></failure></testcase>
<testcase time="0" name="org.eslint.property-sort-order"><failure message="Expected `left`, found `height`"><![CDATA[line 101, col 7, Warning - Expected `left`, found `height` (property-sort-order)]]></failure></testcase>
<testcase time="0" name="org.eslint.indentation"><failure message="Mixed tabs and spaces"><![CDATA[line 101, col 7, Warning - Mixed tabs and spaces (indentation)]]></failure></testcase>
<testcase time="0" name="org.eslint.indentation"><failure message="Mixed tabs and spaces"><![CDATA[line 102, col 7, Warning - Mixed tabs and spaces (indentation)]]></failure></testcase>
<testcase time="0" name="org.eslint.property-sort-order"><failure message="Expected `width`, found `left`"><![CDATA[line 102, col 7, Warning - Expected `width`, found `left` (property-sort-order)]]></failure></testcase>
<testcase time="0" name="org.eslint.property-sort-order"><failure message="Expected `height`, found `top`"><![CDATA[line 103, col 7, Warning - Expected `height`, found `top` (property-sort-order)]]></failure></testcase>
<testcase time="0" name="org.eslint.indentation"><failure message="Mixed tabs and spaces"><![CDATA[line 103, col 7, Warning - Mixed tabs and spaces (indentation)]]></failure></testcase>
<testcase time="0" name="org.eslint.indentation"><failure message="Mixed tabs and spaces"><![CDATA[line 105, col 7, Warning - Mixed tabs and spaces (indentation)]]></failure></testcase>
<testcase time="0" name="org.eslint.property-sort-order"><failure message="Expected `top`, found `width`"><![CDATA[line 106, col 9, Warning - Expected `top`, found `width` (property-sort-order)]]></failure></testcase>
<testcase time="0" name="org.eslint.indentation"><failure message="Mixed tabs and spaces"><![CDATA[line 106, col 9, Warning - Mixed tabs and spaces (indentation)]]></failure></testcase>
<testcase time="0" name="org.eslint.property-sort-order"><failure message="Expected `left`, found `height`"><![CDATA[line 107, col 9, Warning - Expected `left`, found `height` (property-sort-order)]]></failure></testcase>
<testcase time="0" name="org.eslint.indentation"><failure message="Mixed tabs and spaces"><![CDATA[line 107, col 9, Warning - Mixed tabs and spaces (indentation)]]></failure></testcase>
<testcase time="0" name="org.eslint.property-sort-order"><failure message="Expected `width`, found `left`"><![CDATA[line 108, col 9, Warning - Expected `width`, found `left` (property-sort-order)]]></failure></testcase>
<testcase time="0" name="org.eslint.indentation"><failure message="Mixed tabs and spaces"><![CDATA[line 108, col 9, Warning - Mixed tabs and spaces (indentation)]]></failure></testcase>
<testcase time="0" name="org.eslint.property-sort-order"><failure message="Expected `height`, found `top`"><![CDATA[line 109, col 9, Warning - Expected `height`, found `top` (property-sort-order)]]></failure></testcase>
<testcase time="0" name="org.eslint.indentation"><failure message="Mixed tabs and spaces"><![CDATA[line 109, col 9, Warning - Mixed tabs and spaces (indentation)]]></failure></testcase>
<testcase time="0" name="org.eslint.indentation"><failure message="Mixed tabs and spaces"><![CDATA[line 113, col 5, Warning - Mixed tabs and spaces (indentation)]]></failure></testcase>
<testcase time="0" name="org.eslint.property-sort-order"><failure message="Expected `top`, found `width`"><![CDATA[line 114, col 7, Warning - Expected `top`, found `width` (property-sort-order)]]></failure></testcase>
<testcase time="0" name="org.eslint.indentation"><failure message="Mixed tabs and spaces"><![CDATA[line 114, col 7, Warning - Mixed tabs and spaces (indentation)]]></failure></testcase>
<testcase time="0" name="org.eslint.property-sort-order"><failure message="Expected `left`, found `height`"><![CDATA[line 115, col 7, Warning - Expected `left`, found `height` (property-sort-order)]]></failure></testcase>
<testcase time="0" name="org.eslint.indentation"><failure message="Mixed tabs and spaces"><![CDATA[line 115, col 7, Warning - Mixed tabs and spaces (indentation)]]></failure></testcase>
<testcase time="0" name="org.eslint.indentation"><failure message="Mixed tabs and spaces"><![CDATA[line 116, col 7, Warning - Mixed tabs and spaces (indentation)]]></failure></testcase>
<testcase time="0" name="org.eslint.property-sort-order"><failure message="Expected `width`, found `left`"><![CDATA[line 116, col 7, Warning - Expected `width`, found `left` (property-sort-order)]]></failure></testcase>
<testcase time="0" name="org.eslint.property-sort-order"><failure message="Expected `height`, found `top`"><![CDATA[line 117, col 7, Warning - Expected `height`, found `top` (property-sort-order)]]></failure></testcase>
<testcase time="0" name="org.eslint.indentation"><failure message="Mixed tabs and spaces"><![CDATA[line 117, col 7, Warning - Mixed tabs and spaces (indentation)]]></failure></testcase>
<testcase time="0" name="org.eslint.indentation"><failure message="Mixed tabs and spaces"><![CDATA[line 119, col 7, Warning - Mixed tabs and spaces (indentation)]]></failure></testcase>
<testcase time="0" name="org.eslint.property-sort-order"><failure message="Expected `top`, found `width`"><![CDATA[line 120, col 9, Warning - Expected `top`, found `width` (property-sort-order)]]></failure></testcase>
<testcase time="0" name="org.eslint.indentation"><failure message="Mixed tabs and spaces"><![CDATA[line 120, col 9, Warning - Mixed tabs and spaces (indentation)]]></failure></testcase>
<testcase time="0" name="org.eslint.indentation"><failure message="Mixed tabs and spaces"><![CDATA[line 121, col 9, Warning - Mixed tabs and spaces (indentation)]]></failure></testcase>
<testcase time="0" name="org.eslint.property-sort-order"><failure message="Expected `left`, found `height`"><![CDATA[line 121, col 9, Warning - Expected `left`, found `height` (property-sort-order)]]></failure></testcase>
<testcase time="0" name="org.eslint.indentation"><failure message="Mixed tabs and spaces"><![CDATA[line 122, col 9, Warning - Mixed tabs and spaces (indentation)]]></failure></testcase>
<testcase time="0" name="org.eslint.property-sort-order"><failure message="Expected `width`, found `left`"><![CDATA[line 122, col 9, Warning - Expected `width`, found `left` (property-sort-order)]]></failure></testcase>
<testcase time="0" name="org.eslint.indentation"><failure message="Mixed tabs and spaces"><![CDATA[line 123, col 9, Warning - Mixed tabs and spaces (indentation)]]></failure></testcase>
<testcase time="0" name="org.eslint.property-sort-order"><failure message="Expected `height`, found `top`"><![CDATA[line 123, col 9, Warning - Expected `height`, found `top` (property-sort-order)]]></failure></testcase>
<testcase time="0" name="org.eslint.indentation"><failure message="Mixed tabs and spaces"><![CDATA[line 127, col 5, Warning - Mixed tabs and spaces (indentation)]]></failure></testcase>
<testcase time="0" name="org.eslint.property-sort-order"><failure message="Expected `top`, found `width`"><![CDATA[line 128, col 7, Warning - Expected `top`, found `width` (property-sort-order)]]></failure></testcase>
<testcase time="0" name="org.eslint.indentation"><failure message="Mixed tabs and spaces"><![CDATA[line 128, col 7, Warning - Mixed tabs and spaces (indentation)]]></failure></testcase>
<testcase time="0" name="org.eslint.property-sort-order"><failure message="Expected `left`, found `height`"><![CDATA[line 129, col 7, Warning - Expected `left`, found `height` (property-sort-order)]]></failure></testcase>
<testcase time="0" name="org.eslint.indentation"><failure message="Mixed tabs and spaces"><![CDATA[line 129, col 7, Warning - Mixed tabs and spaces (indentation)]]></failure></testcase>
<testcase time="0" name="org.eslint.property-sort-order"><failure message="Expected `width`, found `left`"><![CDATA[line 130, col 7, Warning - Expected `width`, found `left` (property-sort-order)]]></failure></testcase>
<testcase time="0" name="org.eslint.indentation"><failure message="Mixed tabs and spaces"><![CDATA[line 130, col 7, Warning - Mixed tabs and spaces (indentation)]]></failure></testcase>
<testcase time="0" name="org.eslint.property-sort-order"><failure message="Expected `height`, found `top`"><![CDATA[line 131, col 7, Warning - Expected `height`, found `top` (property-sort-order)]]></failure></testcase>
<testcase time="0" name="org.eslint.indentation"><failure message="Mixed tabs and spaces"><![CDATA[line 131, col 7, Warning - Mixed tabs and spaces (indentation)]]></failure></testcase>
<testcase time="0" name="org.eslint.indentation"><failure message="Mixed tabs and spaces"><![CDATA[line 133, col 7, Warning - Mixed tabs and spaces (indentation)]]></failure></testcase>
<testcase time="0" name="org.eslint.property-sort-order"><failure message="Expected `top`, found `width`"><![CDATA[line 134, col 9, Warning - Expected `top`, found `width` (property-sort-order)]]></failure></testcase>
<testcase time="0" name="org.eslint.indentation"><failure message="Mixed tabs and spaces"><![CDATA[line 134, col 9, Warning - Mixed tabs and spaces (indentation)]]></failure></testcase>
<testcase time="0" name="org.eslint.property-sort-order"><failure message="Expected `left`, found `height`"><![CDATA[line 135, col 9, Warning - Expected `left`, found `height` (property-sort-order)]]></failure></testcase>
<testcase time="0" name="org.eslint.indentation"><failure message="Mixed tabs and spaces"><![CDATA[line 135, col 9, Warning - Mixed tabs and spaces (indentation)]]></failure></testcase>
<testcase time="0" name="org.eslint.indentation"><failure message="Mixed tabs and spaces"><![CDATA[line 136, col 9, Warning - Mixed tabs and spaces (indentation)]]></failure></testcase>
<testcase time="0" name="org.eslint.property-sort-order"><failure message="Expected `width`, found `left`"><![CDATA[line 136, col 9, Warning - Expected `width`, found `left` (property-sort-order)]]></failure></testcase>
<testcase time="0" name="org.eslint.indentation"><failure message="Mixed tabs and spaces"><![CDATA[line 137, col 9, Warning - Mixed tabs and spaces (indentation)]]></failure></testcase>
<testcase time="0" name="org.eslint.property-sort-order"><failure message="Expected `height`, found `top`"><![CDATA[line 137, col 9, Warning - Expected `height`, found `top` (property-sort-order)]]></failure></testcase>
<testcase time="0" name="org.eslint.indentation"><failure message="Mixed tabs and spaces"><![CDATA[line 141, col 5, Warning - Mixed tabs and spaces (indentation)]]></failure></testcase>
<testcase time="0" name="org.eslint.property-sort-order"><failure message="Expected `top`, found `display`"><![CDATA[line 142, col 7, Warning - Expected `top`, found `display` (property-sort-order)]]></failure></testcase>
<testcase time="0" name="org.eslint.indentation"><failure message="Mixed tabs and spaces"><![CDATA[line 142, col 7, Warning - Mixed tabs and spaces (indentation)]]></failure></testcase>
<testcase time="0" name="org.eslint.property-sort-order"><failure message="Expected `left`, found `width`"><![CDATA[line 143, col 7, Warning - Expected `left`, found `width` (property-sort-order)]]></failure></testcase>
<testcase time="0" name="org.eslint.indentation"><failure message="Mixed tabs and spaces"><![CDATA[line 143, col 7, Warning - Mixed tabs and spaces (indentation)]]></failure></testcase>
<testcase time="0" name="org.eslint.property-sort-order"><failure message="Expected `display`, found `height`"><![CDATA[line 144, col 7, Warning - Expected `display`, found `height` (property-sort-order)]]></failure></testcase>
<testcase time="0" name="org.eslint.indentation"><failure message="Mixed tabs and spaces"><![CDATA[line 144, col 7, Warning - Mixed tabs and spaces (indentation)]]></failure></testcase>
<testcase time="0" name="org.eslint.property-sort-order"><failure message="Expected `width`, found `left`"><![CDATA[line 145, col 7, Warning - Expected `width`, found `left` (property-sort-order)]]></failure></testcase>
<testcase time="0" name="org.eslint.indentation"><failure message="Mixed tabs and spaces"><![CDATA[line 145, col 7, Warning - Mixed tabs and spaces (indentation)]]></failure></testcase>
<testcase time="0" name="org.eslint.property-sort-order"><failure message="Expected `height`, found `top`"><![CDATA[line 146, col 7, Warning - Expected `height`, found `top` (property-sort-order)]]></failure></testcase>
<testcase time="0" name="org.eslint.indentation"><failure message="Mixed tabs and spaces"><![CDATA[line 146, col 7, Warning - Mixed tabs and spaces (indentation)]]></failure></testcase>
<testcase time="0" name="org.eslint.indentation"><failure message="Mixed tabs and spaces"><![CDATA[line 148, col 7, Warning - Mixed tabs and spaces (indentation)]]></failure></testcase>
<testcase time="0" name="org.eslint.indentation"><failure message="Mixed tabs and spaces"><![CDATA[line 149, col 9, Warning - Mixed tabs and spaces (indentation)]]></failure></testcase>
<testcase time="0" name="org.eslint.property-sort-order"><failure message="Expected `left`, found `display`"><![CDATA[line 149, col 9, Warning - Expected `left`, found `display` (property-sort-order)]]></failure></testcase>
<testcase time="0" name="org.eslint.property-sort-order"><failure message="Expected `display`, found `left`"><![CDATA[line 150, col 9, Warning - Expected `display`, found `left` (property-sort-order)]]></failure></testcase>
<testcase time="0" name="org.eslint.indentation"><failure message="Mixed tabs and spaces"><![CDATA[line 150, col 9, Warning - Mixed tabs and spaces (indentation)]]></failure></testcase>
<testcase time="0" name="org.eslint.indentation"><failure message="Mixed tabs and spaces"><![CDATA[line 153, col 7, Warning - Mixed tabs and spaces (indentation)]]></failure></testcase>
<testcase time="0" name="org.eslint.indentation"><failure message="Mixed tabs and spaces"><![CDATA[line 154, col 9, Warning - Mixed tabs and spaces (indentation)]]></failure></testcase>
<testcase time="0" name="org.eslint.indentation"><failure message="Mixed tabs and spaces"><![CDATA[line 158, col 5, Warning - Mixed tabs and spaces (indentation)]]></failure></testcase>
<testcase time="0" name="org.eslint.indentation"><failure message="Mixed tabs and spaces"><![CDATA[line 159, col 7, Warning - Mixed tabs and spaces (indentation)]]></failure></testcase>
<testcase time="0" name="org.eslint.property-sort-order"><failure message="Expected `top`, found `display`"><![CDATA[line 159, col 7, Warning - Expected `top`, found `display` (property-sort-order)]]></failure></testcase>
<testcase time="0" name="org.eslint.property-sort-order"><failure message="Expected `left`, found `width`"><![CDATA[line 160, col 7, Warning - Expected `left`, found `width` (property-sort-order)]]></failure></testcase>
<testcase time="0" name="org.eslint.indentation"><failure message="Mixed tabs and spaces"><![CDATA[line 160, col 7, Warning - Mixed tabs and spaces (indentation)]]></failure></testcase>
<testcase time="0" name="org.eslint.indentation"><failure message="Mixed tabs and spaces"><![CDATA[line 161, col 7, Warning - Mixed tabs and spaces (indentation)]]></failure></testcase>
<testcase time="0" name="org.eslint.property-sort-order"><failure message="Expected `display`, found `height`"><![CDATA[line 161, col 7, Warning - Expected `display`, found `height` (property-sort-order)]]></failure></testcase>
<testcase time="0" name="org.eslint.property-sort-order"><failure message="Expected `width`, found `left`"><![CDATA[line 162, col 7, Warning - Expected `width`, found `left` (property-sort-order)]]></failure></testcase>
<testcase time="0" name="org.eslint.indentation"><failure message="Mixed tabs and spaces"><![CDATA[line 162, col 7, Warning - Mixed tabs and spaces (indentation)]]></failure></testcase>
<testcase time="0" name="org.eslint.indentation"><failure message="Mixed tabs and spaces"><![CDATA[line 163, col 7, Warning - Mixed tabs and spaces (indentation)]]></failure></testcase>
<testcase time="0" name="org.eslint.property-sort-order"><failure message="Expected `height`, found `top`"><![CDATA[line 163, col 7, Warning - Expected `height`, found `top` (property-sort-order)]]></failure></testcase>
<testcase time="0" name="org.eslint.indentation"><failure message="Mixed tabs and spaces"><![CDATA[line 165, col 7, Warning - Mixed tabs and spaces (indentation)]]></failure></testcase>
<testcase time="0" name="org.eslint.indentation"><failure message="Mixed tabs and spaces"><![CDATA[line 166, col 9, Warning - Mixed tabs and spaces (indentation)]]></failure></testcase>
<testcase time="0" name="org.eslint.indentation"><failure message="Mixed tabs and spaces"><![CDATA[line 169, col 7, Warning - Mixed tabs and spaces (indentation)]]></failure></testcase>
<testcase time="0" name="org.eslint.indentation"><failure message="Mixed tabs and spaces"><![CDATA[line 170, col 9, Warning - Mixed tabs and spaces (indentation)]]></failure></testcase>
<testcase time="0" name="org.eslint.indentation"><failure message="Mixed tabs and spaces"><![CDATA[line 174, col 5, Warning - Mixed tabs and spaces (indentation)]]></failure></testcase>
<testcase time="0" name="org.eslint.property-sort-order"><failure message="Expected `top`, found `display`"><![CDATA[line 175, col 7, Warning - Expected `top`, found `display` (property-sort-order)]]></failure></testcase>
<testcase time="0" name="org.eslint.indentation"><failure message="Mixed tabs and spaces"><![CDATA[line 175, col 7, Warning - Mixed tabs and spaces (indentation)]]></failure></testcase>
<testcase time="0" name="org.eslint.property-sort-order"><failure message="Expected `right`, found `width`"><![CDATA[line 176, col 7, Warning - Expected `right`, found `width` (property-sort-order)]]></failure></testcase>
<testcase time="0" name="org.eslint.indentation"><failure message="Mixed tabs and spaces"><![CDATA[line 176, col 7, Warning - Mixed tabs and spaces (indentation)]]></failure></testcase>
<testcase time="0" name="org.eslint.property-sort-order"><failure message="Expected `left`, found `height`"><![CDATA[line 177, col 7, Warning - Expected `left`, found `height` (property-sort-order)]]></failure></testcase>
<testcase time="0" name="org.eslint.indentation"><failure message="Mixed tabs and spaces"><![CDATA[line 177, col 7, Warning - Mixed tabs and spaces (indentation)]]></failure></testcase>
<testcase time="0" name="org.eslint.property-sort-order"><failure message="Expected `display`, found `left`"><![CDATA[line 178, col 7, Warning - Expected `display`, found `left` (property-sort-order)]]></failure></testcase>
<testcase time="0" name="org.eslint.indentation"><failure message="Mixed tabs and spaces"><![CDATA[line 178, col 7, Warning - Mixed tabs and spaces (indentation)]]></failure></testcase>
<testcase time="0" name="org.eslint.property-sort-order"><failure message="Expected `width`, found `right`"><![CDATA[line 179, col 7, Warning - Expected `width`, found `right` (property-sort-order)]]></failure></testcase>
<testcase time="0" name="org.eslint.indentation"><failure message="Mixed tabs and spaces"><![CDATA[line 179, col 7, Warning - Mixed tabs and spaces (indentation)]]></failure></testcase>
<testcase time="0" name="org.eslint.indentation"><failure message="Mixed tabs and spaces"><![CDATA[line 180, col 7, Warning - Mixed tabs and spaces (indentation)]]></failure></testcase>
<testcase time="0" name="org.eslint.property-sort-order"><failure message="Expected `height`, found `top`"><![CDATA[line 180, col 7, Warning - Expected `height`, found `top` (property-sort-order)]]></failure></testcase>
<testcase time="0" name="org.eslint.indentation"><failure message="Mixed tabs and spaces"><![CDATA[line 182, col 7, Warning - Mixed tabs and spaces (indentation)]]></failure></testcase>
<testcase time="0" name="org.eslint.indentation"><failure message="Mixed tabs and spaces"><![CDATA[line 183, col 9, Warning - Mixed tabs and spaces (indentation)]]></failure></testcase>
<testcase time="0" name="org.eslint.indentation"><failure message="Mixed tabs and spaces"><![CDATA[line 190, col 3, Warning - Mixed tabs and spaces (indentation)]]></failure></testcase>
<testcase time="0" name="org.eslint.property-sort-order"><failure message="Expected `position`, found `width`"><![CDATA[line 191, col 3, Warning - Expected `position`, found `width` (property-sort-order)]]></failure></testcase>
<testcase time="0" name="org.eslint.indentation"><failure message="Mixed tabs and spaces"><![CDATA[line 191, col 3, Warning - Mixed tabs and spaces (indentation)]]></failure></testcase>
<testcase time="0" name="org.eslint.property-sort-order"><failure message="Expected `width`, found `position`"><![CDATA[line 192, col 3, Warning - Expected `width`, found `position` (property-sort-order)]]></failure></testcase>
<testcase time="0" name="org.eslint.indentation"><failure message="Mixed tabs and spaces"><![CDATA[line 192, col 3, Warning - Mixed tabs and spaces (indentation)]]></failure></testcase>
<testcase time="0" name="org.eslint.indentation"><failure message="Mixed tabs and spaces"><![CDATA[line 193, col 3, Warning - Mixed tabs and spaces (indentation)]]></failure></testcase>
<testcase time="0" name="org.eslint.indentation"><failure message="Mixed tabs and spaces"><![CDATA[line 195, col 3, Warning - Mixed tabs and spaces (indentation)]]></failure></testcase>
<testcase time="0" name="org.eslint.indentation"><failure message="Mixed tabs and spaces"><![CDATA[line 196, col 5, Warning - Mixed tabs and spaces (indentation)]]></failure></testcase>
<testcase time="0" name="org.eslint.property-sort-order"><failure message="Expected `width`, found `margin-left`"><![CDATA[line 196, col 5, Warning - Expected `width`, found `margin-left` (property-sort-order)]]></failure></testcase>
<testcase time="0" name="org.eslint.indentation"><failure message="Mixed tabs and spaces"><![CDATA[line 197, col 5, Warning - Mixed tabs and spaces (indentation)]]></failure></testcase>
<testcase time="0" name="org.eslint.property-sort-order"><failure message="Expected `height`, found `margin-top`"><![CDATA[line 197, col 5, Warning - Expected `height`, found `margin-top` (property-sort-order)]]></failure></testcase>
<testcase time="0" name="org.eslint.indentation"><failure message="Mixed tabs and spaces"><![CDATA[line 198, col 5, Warning - Mixed tabs and spaces (indentation)]]></failure></testcase>
<testcase time="0" name="org.eslint.indentation"><failure message="Mixed tabs and spaces"><![CDATA[line 199, col 5, Warning - Mixed tabs and spaces (indentation)]]></failure></testcase>
<testcase time="0" name="org.eslint.property-sort-order"><failure message="Expected `margin-top`, found `width`"><![CDATA[line 199, col 5, Warning - Expected `margin-top`, found `width` (property-sort-order)]]></failure></testcase>
<testcase time="0" name="org.eslint.property-units"><failure message="Values for property &#39;width&#39; may not use px units"><![CDATA[line 199, col 12, Error - Values for property &#39;width&#39; may not use px units (property-units)]]></failure></testcase>
<testcase time="0" name="org.eslint.property-sort-order"><failure message="Expected `margin-left`, found `height`"><![CDATA[line 200, col 5, Warning - Expected `margin-left`, found `height` (property-sort-order)]]></failure></testcase>
<testcase time="0" name="org.eslint.indentation"><failure message="Mixed tabs and spaces"><![CDATA[line 200, col 5, Warning - Mixed tabs and spaces (indentation)]]></failure></testcase>
<testcase time="0" name="org.eslint.property-units"><failure message="Values for property &#39;height&#39; may not use px units"><![CDATA[line 200, col 13, Error - Values for property &#39;height&#39; may not use px units (property-units)]]></failure></testcase>
<testcase time="0" name="org.eslint.indentation"><failure message="Mixed tabs and spaces"><![CDATA[line 204, col 3, Warning - Mixed tabs and spaces (indentation)]]></failure></testcase>
<testcase time="0" name="org.eslint.property-sort-order"><failure message="Expected `position`, found `width`"><![CDATA[line 205, col 5, Warning - Expected `position`, found `width` (property-sort-order)]]></failure></testcase>
<testcase time="0" name="org.eslint.indentation"><failure message="Mixed tabs and spaces"><![CDATA[line 205, col 5, Warning - Mixed tabs and spaces (indentation)]]></failure></testcase>
<testcase time="0" name="org.eslint.indentation"><failure message="Mixed tabs and spaces"><![CDATA[line 206, col 5, Warning - Mixed tabs and spaces (indentation)]]></failure></testcase>
<testcase time="0" name="org.eslint.property-sort-order"><failure message="Expected `bottom`, found `position`"><![CDATA[line 206, col 5, Warning - Expected `bottom`, found `position` (property-sort-order)]]></failure></testcase>
<testcase time="0" name="org.eslint.property-sort-order"><failure message="Expected `width`, found `bottom`"><![CDATA[line 207, col 5, Warning - Expected `width`, found `bottom` (property-sort-order)]]></failure></testcase>
<testcase time="0" name="org.eslint.indentation"><failure message="Mixed tabs and spaces"><![CDATA[line 207, col 5, Warning - Mixed tabs and spaces (indentation)]]></failure></testcase>
<testcase time="0" name="org.eslint.indentation"><failure message="Mixed tabs and spaces"><![CDATA[line 209, col 5, Warning - Mixed tabs and spaces (indentation)]]></failure></testcase>
<testcase time="0" name="org.eslint.indentation"><failure message="Mixed tabs and spaces"><![CDATA[line 210, col 7, Warning - Mixed tabs and spaces (indentation)]]></failure></testcase>
<testcase time="0" name="org.eslint.property-sort-order"><failure message="Expected `bottom`, found `width`"><![CDATA[line 210, col 7, Warning - Expected `bottom`, found `width` (property-sort-order)]]></failure></testcase>
<testcase time="0" name="org.eslint.property-units"><failure message="Values for property &#39;width&#39; may not use px units"><![CDATA[line 210, col 14, Error - Values for property &#39;width&#39; may not use px units (property-units)]]></failure></testcase>
<testcase time="0" name="org.eslint.indentation"><failure message="Mixed tabs and spaces"><![CDATA[line 211, col 7, Warning - Mixed tabs and spaces (indentation)]]></failure></testcase>
<testcase time="0" name="org.eslint.property-sort-order"><failure message="Expected `left`, found `bottom`"><![CDATA[line 211, col 7, Warning - Expected `left`, found `bottom` (property-sort-order)]]></failure></testcase>
<testcase time="0" name="org.eslint.indentation"><failure message="Mixed tabs and spaces"><![CDATA[line 212, col 7, Warning - Mixed tabs and spaces (indentation)]]></failure></testcase>
<testcase time="0" name="org.eslint.property-sort-order"><failure message="Expected `width`, found `left`"><![CDATA[line 212, col 7, Warning - Expected `width`, found `left` (property-sort-order)]]></failure></testcase>
<testcase time="0" name="org.eslint.indentation"><failure message="Mixed tabs and spaces"><![CDATA[line 216, col 3, Warning - Mixed tabs and spaces (indentation)]]></failure></testcase>
<testcase time="0" name="org.eslint.indentation"><failure message="Mixed tabs and spaces"><![CDATA[line 217, col 5, Warning - Mixed tabs and spaces (indentation)]]></failure></testcase>
<testcase time="0" name="org.eslint.indentation"><failure message="Mixed tabs and spaces"><![CDATA[line 218, col 5, Warning - Mixed tabs and spaces (indentation)]]></failure></testcase>
<testcase time="0" name="org.eslint.indentation"><failure message="Mixed tabs and spaces"><![CDATA[line 219, col 5, Warning - Mixed tabs and spaces (indentation)]]></failure></testcase>
<testcase time="0" name="org.eslint.indentation"><failure message="Mixed tabs and spaces"><![CDATA[line 220, col 5, Warning - Mixed tabs and spaces (indentation)]]></failure></testcase>
</testsuite>
<testsuite package="org.eslint" time="0" tests="114" errors="114" name="./source/stylesheets/components/_hero-secondary.scss">
<testcase time="0" name="org.eslint.indentation"><failure message="Mixed tabs and spaces"><![CDATA[line 2, col 3, Warning - Mixed tabs and spaces (indentation)]]></failure></testcase>
<testcase time="0" name="org.eslint.indentation"><failure message="Mixed tabs and spaces"><![CDATA[line 3, col 3, Warning - Mixed tabs and spaces (indentation)]]></failure></testcase>
<testcase time="0" name="org.eslint.indentation"><failure message="Mixed tabs and spaces"><![CDATA[line 4, col 5, Warning - Mixed tabs and spaces (indentation)]]></failure></testcase>
<testcase time="0" name="org.eslint.indentation"><failure message="Mixed tabs and spaces"><![CDATA[line 9, col 3, Warning - Mixed tabs and spaces (indentation)]]></failure></testcase>
<testcase time="0" name="org.eslint.indentation"><failure message="Mixed tabs and spaces"><![CDATA[line 10, col 3, Warning - Mixed tabs and spaces (indentation)]]></failure></testcase>
<testcase time="0" name="org.eslint.indentation"><failure message="Mixed tabs and spaces"><![CDATA[line 14, col 3, Warning - Mixed tabs and spaces (indentation)]]></failure></testcase>
<testcase time="0" name="org.eslint.property-sort-order"><failure message="Expected `position`, found `width`"><![CDATA[line 14, col 3, Warning - Expected `position`, found `width` (property-sort-order)]]></failure></testcase>
<testcase time="0" name="org.eslint.indentation"><failure message="Mixed tabs and spaces"><![CDATA[line 15, col 3, Warning - Mixed tabs and spaces (indentation)]]></failure></testcase>
<testcase time="0" name="org.eslint.indentation"><failure message="Mixed tabs and spaces"><![CDATA[line 16, col 3, Warning - Mixed tabs and spaces (indentation)]]></failure></testcase>
<testcase time="0" name="org.eslint.property-sort-order"><failure message="Expected `width`, found `position`"><![CDATA[line 16, col 3, Warning - Expected `width`, found `position` (property-sort-order)]]></failure></testcase>
<testcase time="0" name="org.eslint.indentation"><failure message="Mixed tabs and spaces"><![CDATA[line 17, col 3, Warning - Mixed tabs and spaces (indentation)]]></failure></testcase>
<testcase time="0" name="org.eslint.indentation"><failure message="Mixed tabs and spaces"><![CDATA[line 18, col 5, Warning - Mixed tabs and spaces (indentation)]]></failure></testcase>
<testcase time="0" name="org.eslint.indentation"><failure message="Mixed tabs and spaces"><![CDATA[line 23, col 3, Warning - Mixed tabs and spaces (indentation)]]></failure></testcase>
<testcase time="0" name="org.eslint.property-sort-order"><failure message="Expected `display`, found `padding-bottom`"><![CDATA[line 24, col 3, Warning - Expected `display`, found `padding-bottom` (property-sort-order)]]></failure></testcase>
<testcase time="0" name="org.eslint.indentation"><failure message="Mixed tabs and spaces"><![CDATA[line 24, col 3, Warning - Mixed tabs and spaces (indentation)]]></failure></testcase>
<testcase time="0" name="org.eslint.indentation"><failure message="Mixed tabs and spaces"><![CDATA[line 25, col 3, Warning - Mixed tabs and spaces (indentation)]]></failure></testcase>
<testcase time="0" name="org.eslint.property-sort-order"><failure message="Expected `padding-bottom`, found `margin`"><![CDATA[line 26, col 3, Warning - Expected `padding-bottom`, found `margin` (property-sort-order)]]></failure></testcase>
<testcase time="0" name="org.eslint.indentation"><failure message="Mixed tabs and spaces"><![CDATA[line 26, col 3, Warning - Mixed tabs and spaces (indentation)]]></failure></testcase>
<testcase time="0" name="org.eslint.property-sort-order"><failure message="Expected `margin`, found `display`"><![CDATA[line 27, col 3, Warning - Expected `margin`, found `display` (property-sort-order)]]></failure></testcase>
<testcase time="0" name="org.eslint.indentation"><failure message="Mixed tabs and spaces"><![CDATA[line 27, col 3, Warning - Mixed tabs and spaces (indentation)]]></failure></testcase>
<testcase time="0" name="org.eslint.indentation"><failure message="Mixed tabs and spaces"><![CDATA[line 28, col 3, Warning - Mixed tabs and spaces (indentation)]]></failure></testcase>
<testcase time="0" name="org.eslint.indentation"><failure message="Mixed tabs and spaces"><![CDATA[line 30, col 3, Warning - Mixed tabs and spaces (indentation)]]></failure></testcase>
<testcase time="0" name="org.eslint.indentation"><failure message="Mixed tabs and spaces"><![CDATA[line 31, col 5, Warning - Mixed tabs and spaces (indentation)]]></failure></testcase>
<testcase time="0" name="org.eslint.property-sort-order"><failure message="Expected `display`, found `width`"><![CDATA[line 31, col 5, Warning - Expected `display`, found `width` (property-sort-order)]]></failure></testcase>
<testcase time="0" name="org.eslint.property-sort-order"><failure message="Expected `flex-direction`, found `max-width`"><![CDATA[line 32, col 5, Warning - Expected `flex-direction`, found `max-width` (property-sort-order)]]></failure></testcase>
<testcase time="0" name="org.eslint.indentation"><failure message="Mixed tabs and spaces"><![CDATA[line 32, col 5, Warning - Mixed tabs and spaces (indentation)]]></failure></testcase>
<testcase time="0" name="org.eslint.property-sort-order"><failure message="Expected `width`, found `margin`"><![CDATA[line 33, col 5, Warning - Expected `width`, found `margin` (property-sort-order)]]></failure></testcase>
<testcase time="0" name="org.eslint.indentation"><failure message="Mixed tabs and spaces"><![CDATA[line 33, col 5, Warning - Mixed tabs and spaces (indentation)]]></failure></testcase>
<testcase time="0" name="org.eslint.property-sort-order"><failure message="Expected `max-width`, found `display`"><![CDATA[line 34, col 5, Warning - Expected `max-width`, found `display` (property-sort-order)]]></failure></testcase>
<testcase time="0" name="org.eslint.indentation"><failure message="Mixed tabs and spaces"><![CDATA[line 34, col 5, Warning - Mixed tabs and spaces (indentation)]]></failure></testcase>
<testcase time="0" name="org.eslint.property-sort-order"><failure message="Expected `padding-top`, found `flex-direction`"><![CDATA[line 35, col 5, Warning - Expected `padding-top`, found `flex-direction` (property-sort-order)]]></failure></testcase>
<testcase time="0" name="org.eslint.indentation"><failure message="Mixed tabs and spaces"><![CDATA[line 35, col 5, Warning - Mixed tabs and spaces (indentation)]]></failure></testcase>
<testcase time="0" name="org.eslint.property-sort-order"><failure message="Expected `margin`, found `padding-top`"><![CDATA[line 36, col 5, Warning - Expected `margin`, found `padding-top` (property-sort-order)]]></failure></testcase>
<testcase time="0" name="org.eslint.indentation"><failure message="Mixed tabs and spaces"><![CDATA[line 36, col 5, Warning - Mixed tabs and spaces (indentation)]]></failure></testcase>
<testcase time="0" name="org.eslint.indentation"><failure message="Mixed tabs and spaces"><![CDATA[line 39, col 3, Warning - Mixed tabs and spaces (indentation)]]></failure></testcase>
<testcase time="0" name="org.eslint.indentation"><failure message="Mixed tabs and spaces"><![CDATA[line 40, col 5, Warning - Mixed tabs and spaces (indentation)]]></failure></testcase>
<testcase time="0" name="org.eslint.indentation"><failure message="Mixed tabs and spaces"><![CDATA[line 41, col 5, Warning - Mixed tabs and spaces (indentation)]]></failure></testcase>
<testcase time="0" name="org.eslint.indentation"><failure message="Mixed tabs and spaces"><![CDATA[line 42, col 5, Warning - Mixed tabs and spaces (indentation)]]></failure></testcase>
<testcase time="0" name="org.eslint.indentation"><failure message="Mixed tabs and spaces"><![CDATA[line 44, col 5, Warning - Mixed tabs and spaces (indentation)]]></failure></testcase>
<testcase time="0" name="org.eslint.indentation"><failure message="Mixed tabs and spaces"><![CDATA[line 45, col 7, Warning - Mixed tabs and spaces (indentation)]]></failure></testcase>
<testcase time="0" name="org.eslint.indentation"><failure message="Mixed tabs and spaces"><![CDATA[line 46, col 7, Warning - Mixed tabs and spaces (indentation)]]></failure></testcase>
<testcase time="0" name="org.eslint.indentation"><failure message="Mixed tabs and spaces"><![CDATA[line 49, col 5, Warning - Mixed tabs and spaces (indentation)]]></failure></testcase>
<testcase time="0" name="org.eslint.property-sort-order"><failure message="Expected `padding`, found `font-size`"><![CDATA[line 50, col 7, Warning - Expected `padding`, found `font-size` (property-sort-order)]]></failure></testcase>
<testcase time="0" name="org.eslint.indentation"><failure message="Mixed tabs and spaces"><![CDATA[line 50, col 7, Warning - Mixed tabs and spaces (indentation)]]></failure></testcase>
<testcase time="0" name="org.eslint.property-sort-order"><failure message="Expected `margin`, found `padding`"><![CDATA[line 51, col 7, Warning - Expected `margin`, found `padding` (property-sort-order)]]></failure></testcase>
<testcase time="0" name="org.eslint.indentation"><failure message="Mixed tabs and spaces"><![CDATA[line 51, col 7, Warning - Mixed tabs and spaces (indentation)]]></failure></testcase>
<testcase time="0" name="org.eslint.indentation"><failure message="Mixed tabs and spaces"><![CDATA[line 52, col 7, Warning - Mixed tabs and spaces (indentation)]]></failure></testcase>
<testcase time="0" name="org.eslint.property-sort-order"><failure message="Expected `font-size`, found `margin`"><![CDATA[line 52, col 7, Warning - Expected `font-size`, found `margin` (property-sort-order)]]></failure></testcase>
<testcase time="0" name="org.eslint.property-sort-order"><failure message="Expected `text-shadow`, found `color`"><![CDATA[line 53, col 7, Warning - Expected `text-shadow`, found `color` (property-sort-order)]]></failure></testcase>
<testcase time="0" name="org.eslint.indentation"><failure message="Mixed tabs and spaces"><![CDATA[line 53, col 7, Warning - Mixed tabs and spaces (indentation)]]></failure></testcase>
<testcase time="0" name="org.eslint.indentation"><failure message="Mixed tabs and spaces"><![CDATA[line 54, col 7, Warning - Mixed tabs and spaces (indentation)]]></failure></testcase>
<testcase time="0" name="org.eslint.property-sort-order"><failure message="Expected `color`, found `text-shadow`"><![CDATA[line 54, col 7, Warning - Expected `color`, found `text-shadow` (property-sort-order)]]></failure></testcase>
<testcase time="0" name="org.eslint.indentation"><failure message="Mixed tabs and spaces"><![CDATA[line 56, col 7, Warning - Mixed tabs and spaces (indentation)]]></failure></testcase>
<testcase time="0" name="org.eslint.indentation"><failure message="Mixed tabs and spaces"><![CDATA[line 57, col 9, Warning - Mixed tabs and spaces (indentation)]]></failure></testcase>
<testcase time="0" name="org.eslint.indentation"><failure message="Mixed tabs and spaces"><![CDATA[line 61, col 5, Warning - Mixed tabs and spaces (indentation)]]></failure></testcase>
<testcase time="0" name="org.eslint.indentation"><failure message="Mixed tabs and spaces"><![CDATA[line 62, col 7, Warning - Mixed tabs and spaces (indentation)]]></failure></testcase>
<testcase time="0" name="org.eslint.indentation"><failure message="Mixed tabs and spaces"><![CDATA[line 64, col 7, Warning - Mixed tabs and spaces (indentation)]]></failure></testcase>
<testcase time="0" name="org.eslint.indentation"><failure message="Mixed tabs and spaces"><![CDATA[line 65, col 9, Warning - Mixed tabs and spaces (indentation)]]></failure></testcase>
<testcase time="0" name="org.eslint.indentation"><failure message="Mixed tabs and spaces"><![CDATA[line 70, col 3, Warning - Mixed tabs and spaces (indentation)]]></failure></testcase>
<testcase time="0" name="org.eslint.indentation"><failure message="Mixed tabs and spaces"><![CDATA[line 71, col 5, Warning - Mixed tabs and spaces (indentation)]]></failure></testcase>
<testcase time="0" name="org.eslint.indentation"><failure message="Mixed tabs and spaces"><![CDATA[line 73, col 5, Warning - Mixed tabs and spaces (indentation)]]></failure></testcase>
<testcase time="0" name="org.eslint.indentation"><failure message="Mixed tabs and spaces"><![CDATA[line 74, col 7, Warning - Mixed tabs and spaces (indentation)]]></failure></testcase>
<testcase time="0" name="org.eslint.indentation"><failure message="Mixed tabs and spaces"><![CDATA[line 75, col 7, Warning - Mixed tabs and spaces (indentation)]]></failure></testcase>
<testcase time="0" name="org.eslint.no-trailing-zero"><failure message="Don&#39;t include trailing zeros on numbers"><![CDATA[line 75, col 18, Warning - Don&#39;t include trailing zeros on numbers (no-trailing-zero)]]></failure></testcase>
<testcase time="0" name="org.eslint.indentation"><failure message="Mixed tabs and spaces"><![CDATA[line 76, col 7, Warning - Mixed tabs and spaces (indentation)]]></failure></testcase>
<testcase time="0" name="org.eslint.property-sort-order"><failure message="Expected `margin-bottom`, found `margin-left`"><![CDATA[line 76, col 7, Warning - Expected `margin-bottom`, found `margin-left` (property-sort-order)]]></failure></testcase>
<testcase time="0" name="org.eslint.indentation"><failure message="Mixed tabs and spaces"><![CDATA[line 77, col 7, Warning - Mixed tabs and spaces (indentation)]]></failure></testcase>
<testcase time="0" name="org.eslint.property-sort-order"><failure message="Expected `margin-left`, found `margin-bottom`"><![CDATA[line 77, col 7, Warning - Expected `margin-left`, found `margin-bottom` (property-sort-order)]]></failure></testcase>
<testcase time="0" name="org.eslint.no-trailing-zero"><failure message="Don&#39;t include trailing zeros on numbers"><![CDATA[line 77, col 23, Warning - Don&#39;t include trailing zeros on numbers (no-trailing-zero)]]></failure></testcase>
<testcase time="0" name="org.eslint.indentation"><failure message="Mixed tabs and spaces"><![CDATA[line 80, col 5, Warning - Mixed tabs and spaces (indentation)]]></failure></testcase>
<testcase time="0" name="org.eslint.indentation"><failure message="Mixed tabs and spaces"><![CDATA[line 81, col 7, Warning - Mixed tabs and spaces (indentation)]]></failure></testcase>
<testcase time="0" name="org.eslint.property-sort-order"><failure message="Expected `right`, found `width`"><![CDATA[line 82, col 7, Warning - Expected `right`, found `width` (property-sort-order)]]></failure></testcase>
<testcase time="0" name="org.eslint.indentation"><failure message="Mixed tabs and spaces"><![CDATA[line 82, col 7, Warning - Mixed tabs and spaces (indentation)]]></failure></testcase>
<testcase time="0" name="org.eslint.property-sort-order"><failure message="Expected `bottom`, found `height`"><![CDATA[line 83, col 7, Warning - Expected `bottom`, found `height` (property-sort-order)]]></failure></testcase>
<testcase time="0" name="org.eslint.indentation"><failure message="Mixed tabs and spaces"><![CDATA[line 83, col 7, Warning - Mixed tabs and spaces (indentation)]]></failure></testcase>
<testcase time="0" name="org.eslint.property-sort-order"><failure message="Expected `width`, found `right`"><![CDATA[line 84, col 7, Warning - Expected `width`, found `right` (property-sort-order)]]></failure></testcase>
<testcase time="0" name="org.eslint.indentation"><failure message="Mixed tabs and spaces"><![CDATA[line 84, col 7, Warning - Mixed tabs and spaces (indentation)]]></failure></testcase>
<testcase time="0" name="org.eslint.property-sort-order"><failure message="Expected `height`, found `bottom`"><![CDATA[line 85, col 7, Warning - Expected `height`, found `bottom` (property-sort-order)]]></failure></testcase>
<testcase time="0" name="org.eslint.indentation"><failure message="Mixed tabs and spaces"><![CDATA[line 85, col 7, Warning - Mixed tabs and spaces (indentation)]]></failure></testcase>
<testcase time="0" name="org.eslint.indentation"><failure message="Mixed tabs and spaces"><![CDATA[line 87, col 7, Warning - Mixed tabs and spaces (indentation)]]></failure></testcase>
<testcase time="0" name="org.eslint.indentation"><failure message="Mixed tabs and spaces"><![CDATA[line 88, col 9, Warning - Mixed tabs and spaces (indentation)]]></failure></testcase>
<testcase time="0" name="org.eslint.property-sort-order"><failure message="Expected `right`, found `bottom`"><![CDATA[line 88, col 9, Warning - Expected `right`, found `bottom` (property-sort-order)]]></failure></testcase>
<testcase time="0" name="org.eslint.property-sort-order"><failure message="Expected `bottom`, found `right`"><![CDATA[line 89, col 9, Warning - Expected `bottom`, found `right` (property-sort-order)]]></failure></testcase>
<testcase time="0" name="org.eslint.indentation"><failure message="Mixed tabs and spaces"><![CDATA[line 89, col 9, Warning - Mixed tabs and spaces (indentation)]]></failure></testcase>
<testcase time="0" name="org.eslint.property-sort-order"><failure message="Expected `width`, found `height`"><![CDATA[line 90, col 9, Warning - Expected `width`, found `height` (property-sort-order)]]></failure></testcase>
<testcase time="0" name="org.eslint.indentation"><failure message="Mixed tabs and spaces"><![CDATA[line 90, col 9, Warning - Mixed tabs and spaces (indentation)]]></failure></testcase>
<testcase time="0" name="org.eslint.property-sort-order"><failure message="Expected `height`, found `width`"><![CDATA[line 91, col 9, Warning - Expected `height`, found `width` (property-sort-order)]]></failure></testcase>
<testcase time="0" name="org.eslint.indentation"><failure message="Mixed tabs and spaces"><![CDATA[line 91, col 9, Warning - Mixed tabs and spaces (indentation)]]></failure></testcase>
<testcase time="0" name="org.eslint.no-trailing-zero"><failure message="Don&#39;t include trailing zeros on numbers"><![CDATA[line 91, col 16, Warning - Don&#39;t include trailing zeros on numbers (no-trailing-zero)]]></failure></testcase>
<testcase time="0" name="org.eslint.indentation"><failure message="Mixed tabs and spaces"><![CDATA[line 95, col 5, Warning - Mixed tabs and spaces (indentation)]]></failure></testcase>
<testcase time="0" name="org.eslint.indentation"><failure message="Mixed tabs and spaces"><![CDATA[line 96, col 7, Warning - Mixed tabs and spaces (indentation)]]></failure></testcase>
<testcase time="0" name="org.eslint.property-sort-order"><failure message="Expected `right`, found `width`"><![CDATA[line 97, col 7, Warning - Expected `right`, found `width` (property-sort-order)]]></failure></testcase>
<testcase time="0" name="org.eslint.indentation"><failure message="Mixed tabs and spaces"><![CDATA[line 97, col 7, Warning - Mixed tabs and spaces (indentation)]]></failure></testcase>
<testcase time="0" name="org.eslint.no-trailing-zero"><failure message="Don&#39;t include trailing zeros on numbers"><![CDATA[line 97, col 14, Warning - Don&#39;t include trailing zeros on numbers (no-trailing-zero)]]></failure></testcase>
<testcase time="0" name="org.eslint.property-sort-order"><failure message="Expected `bottom`, found `height`"><![CDATA[line 98, col 7, Warning - Expected `bottom`, found `height` (property-sort-order)]]></failure></testcase>
<testcase time="0" name="org.eslint.indentation"><failure message="Mixed tabs and spaces"><![CDATA[line 98, col 7, Warning - Mixed tabs and spaces (indentation)]]></failure></testcase>
<testcase time="0" name="org.eslint.indentation"><failure message="Mixed tabs and spaces"><![CDATA[line 99, col 7, Warning - Mixed tabs and spaces (indentation)]]></failure></testcase>
<testcase time="0" name="org.eslint.property-sort-order"><failure message="Expected `width`, found `right`"><![CDATA[line 99, col 7, Warning - Expected `width`, found `right` (property-sort-order)]]></failure></testcase>
<testcase time="0" name="org.eslint.property-sort-order"><failure message="Expected `height`, found `bottom`"><![CDATA[line 100, col 7, Warning - Expected `height`, found `bottom` (property-sort-order)]]></failure></testcase>
<testcase time="0" name="org.eslint.indentation"><failure message="Mixed tabs and spaces"><![CDATA[line 100, col 7, Warning - Mixed tabs and spaces (indentation)]]></failure></testcase>
<testcase time="0" name="org.eslint.indentation"><failure message="Mixed tabs and spaces"><![CDATA[line 102, col 7, Warning - Mixed tabs and spaces (indentation)]]></failure></testcase>
<testcase time="0" name="org.eslint.indentation"><failure message="Mixed tabs and spaces"><![CDATA[line 103, col 9, Warning - Mixed tabs and spaces (indentation)]]></failure></testcase>
<testcase time="0" name="org.eslint.property-sort-order"><failure message="Expected `right`, found `width`"><![CDATA[line 103, col 9, Warning - Expected `right`, found `width` (property-sort-order)]]></failure></testcase>
<testcase time="0" name="org.eslint.indentation"><failure message="Mixed tabs and spaces"><![CDATA[line 104, col 9, Warning - Mixed tabs and spaces (indentation)]]></failure></testcase>
<testcase time="0" name="org.eslint.property-sort-order"><failure message="Expected `bottom`, found `height`"><![CDATA[line 104, col 9, Warning - Expected `bottom`, found `height` (property-sort-order)]]></failure></testcase>
<testcase time="0" name="org.eslint.indentation"><failure message="Mixed tabs and spaces"><![CDATA[line 105, col 9, Warning - Mixed tabs and spaces (indentation)]]></failure></testcase>
<testcase time="0" name="org.eslint.property-sort-order"><failure message="Expected `width`, found `right`"><![CDATA[line 105, col 9, Warning - Expected `width`, found `right` (property-sort-order)]]></failure></testcase>
<testcase time="0" name="org.eslint.property-sort-order"><failure message="Expected `height`, found `bottom`"><![CDATA[line 106, col 9, Warning - Expected `height`, found `bottom` (property-sort-order)]]></failure></testcase>
<testcase time="0" name="org.eslint.indentation"><failure message="Mixed tabs and spaces"><![CDATA[line 106, col 9, Warning - Mixed tabs and spaces (indentation)]]></failure></testcase>
<testcase time="0" name="org.eslint.indentation"><failure message="Mixed tabs and spaces"><![CDATA[line 113, col 3, Warning - Mixed tabs and spaces (indentation)]]></failure></testcase>
<testcase time="0" name="org.eslint.property-sort-order"><failure message="Expected `position`, found `width`"><![CDATA[line 113, col 3, Warning - Expected `position`, found `width` (property-sort-order)]]></failure></testcase>
<testcase time="0" name="org.eslint.indentation"><failure message="Mixed tabs and spaces"><![CDATA[line 114, col 3, Warning - Mixed tabs and spaces (indentation)]]></failure></testcase>
<testcase time="0" name="org.eslint.property-sort-order"><failure message="Expected `width`, found `position`"><![CDATA[line 114, col 3, Warning - Expected `width`, found `position` (property-sort-order)]]></failure></testcase>
<testcase time="0" name="org.eslint.indentation"><failure message="Mixed tabs and spaces"><![CDATA[line 115, col 3, Warning - Mixed tabs and spaces (indentation)]]></failure></testcase>
</testsuite>
<testsuite package="org.eslint" time="0" tests="145" errors="145" name="./source/stylesheets/components/_hero-tertiary.scss">
<testcase time="0" name="org.eslint.indentation"><failure message="Mixed tabs and spaces"><![CDATA[line 2, col 3, Warning - Mixed tabs and spaces (indentation)]]></failure></testcase>
[...]
<testcase time="0" name="org.eslint.property-sort-order"><failure message="Expected `position`, found `background`"><![CDATA[line 49, col 9, Warning - Expected `position`, found `background` (property-sort-order)]]></failure></testcase>
<testcase time="0" name="org.eslint.indentation"><failure message="Mixed tabs and spaces"><![CDATA[line 49, col 9, Warning - Mixed tabs and spaces (indentation)]]></failure></testcase>
<testcase time="0" name="org.eslint.indentation"><failure message="Mixed tabs and spaces"><![CDATA[line 50, col 9, Warning - Mixed tabs and spaces (indentation)]]></failure></testcase>
<testcase time="0" name="org.eslint.property-sort-order"><failure message="Expected `top`, found `content`"><![CDATA[line 50, col 9, Warning - Expected `top`, found `content` (property-sort-order)]]></failure></testcase>
<testcase time="0" name="org.eslint.indentation"><failure message="Mixed tabs and spaces"><![CDATA[line 51, col 9, Warning - Mixed tabs and spaces (indentation)]]></failure></testcase>
<testcase time="0" name="org.eslint.property-sort-order"><failure message="Expected `left`, found `display`"><![CDATA[line 51, col 9, Warning - Expected `left`, found `display` (property-sort-order)]]></failure></testcase>
<testcase time="0" name="org.eslint.indentation"><failure message="Mixed tabs and spaces"><![CDATA[line 52, col 9, Warning - Mixed tabs and spaces (indentation)]]></failure></testcase>
<testcase time="0" name="org.eslint.property-sort-order"><failure message="Expected `display`, found `width`"><![CDATA[line 52, col 9, Warning - Expected `display`, found `width` (property-sort-order)]]></failure></testcase>
<testcase time="0" name="org.eslint.indentation"><failure message="Mixed tabs and spaces"><![CDATA[line 53, col 9, Warning - Mixed tabs and spaces (indentation)]]></failure></testcase>
<testcase time="0" name="org.eslint.property-sort-order"><failure message="Expected `width`, found `height`"><![CDATA[line 53, col 9, Warning - Expected `width`, found `height` (property-sort-order)]]></failure></testcase>
<testcase time="0" name="org.eslint.indentation"><failure message="Mixed tabs and spaces"><![CDATA[line 54, col 9, Warning - Mixed tabs and spaces (indentation)]]></failure></testcase>
<testcase time="0" name="org.eslint.property-sort-order"><failure message="Expected `height`, found `position`"><![CDATA[line 54, col 9, Warning - Expected `height`, found `position` (property-sort-order)]]></failure></testcase>
<testcase time="0" name="org.eslint.property-sort-order"><failure message="Expected `background`, found `top`"><![CDATA[line 55, col 9, Warning - Expected `background`, found `top` (property-sort-order)]]></failure></testcase>
<testcase time="0" name="org.eslint.indentation"><failure message="Mixed tabs and spaces"><![CDATA[line 55, col 9, Warning - Mixed tabs and spaces (indentation)]]></failure></testcase>
<testcase time="0" name="org.eslint.property-sort-order"><failure message="Expected `content`, found `left`"><![CDATA[line 56, col 9, Warning - Expected `content`, found `left` (property-sort-order)]]></failure></testcase>
<testcase time="0" name="org.eslint.indentation"><failure message="Mixed tabs and spaces"><![CDATA[line 56, col 9, Warning - Mixed tabs and spaces (indentation)]]></failure></testcase>
<testcase time="0" name="org.eslint.indentation"><failure message="Mixed tabs and spaces"><![CDATA[line 59, col 7, Warning - Mixed tabs and spaces (indentation)]]></failure></testcase>
<testcase time="0" name="org.eslint.indentation"><failure message="Mixed tabs and spaces"><![CDATA[line 60, col 9, Warning - Mixed tabs and spaces (indentation)]]></failure></testcase>
<testcase time="0" name="org.eslint.indentation"><failure message="Mixed tabs and spaces"><![CDATA[line 61, col 9, Warning - Mixed tabs and spaces (indentation)]]></failure></testcase>
<testcase time="0" name="org.eslint.indentation"><failure message="Mixed tabs and spaces"><![CDATA[line 64, col 7, Warning - Mixed tabs and spaces (indentation)]]></failure></testcase>
<testcase time="0" name="org.eslint.indentation"><failure message="Mixed tabs and spaces"><![CDATA[line 65, col 9, Warning - Mixed tabs and spaces (indentation)]]></failure></testcase>
<testcase time="0" name="org.eslint.indentation"><failure message="Mixed tabs and spaces"><![CDATA[line 69, col 5, Warning - Mixed tabs and spaces (indentation)]]></failure></testcase>
<testcase time="0" name="org.eslint.indentation"><failure message="Mixed tabs and spaces"><![CDATA[line 70, col 5, Warning - Mixed tabs and spaces (indentation)]]></failure></testcase>
<testcase time="0" name="org.eslint.indentation"><failure message="Mixed tabs and spaces"><![CDATA[line 72, col 5, Warning - Mixed tabs and spaces (indentation)]]></failure></testcase>
<testcase time="0" name="org.eslint.property-sort-order"><failure message="Expected `font-size`, found `color`"><![CDATA[line 73, col 7, Warning - Expected `font-size`, found `color` (property-sort-order)]]></failure></testcase>
<testcase time="0" name="org.eslint.indentation"><failure message="Mixed tabs and spaces"><![CDATA[line 73, col 7, Warning - Mixed tabs and spaces (indentation)]]></failure></testcase>
<testcase time="0" name="org.eslint.indentation"><failure message="Mixed tabs and spaces"><![CDATA[line 74, col 7, Warning - Mixed tabs and spaces (indentation)]]></failure></testcase>
<testcase time="0" name="org.eslint.indentation"><failure message="Mixed tabs and spaces"><![CDATA[line 75, col 7, Warning - Mixed tabs and spaces (indentation)]]></failure></testcase>
<testcase time="0" name="org.eslint.property-sort-order"><failure message="Expected `color`, found `font-size`"><![CDATA[line 75, col 7, Warning - Expected `color`, found `font-size` (property-sort-order)]]></failure></testcase>
<testcase time="0" name="org.eslint.indentation"><failure message="Mixed tabs and spaces"><![CDATA[line 79, col 3, Warning - Mixed tabs and spaces (indentation)]]></failure></testcase>
<testcase time="0" name="org.eslint.property-sort-order"><failure message="Expected `position`, found `display`"><![CDATA[line 80, col 5, Warning - Expected `position`, found `display` (property-sort-order)]]></failure></testcase>
<testcase time="0" name="org.eslint.indentation"><failure message="Mixed tabs and spaces"><![CDATA[line 80, col 5, Warning - Mixed tabs and spaces (indentation)]]></failure></testcase>
<testcase time="0" name="org.eslint.property-sort-order"><failure message="Expected `top`, found `flex-direction`"><![CDATA[line 81, col 5, Warning - Expected `top`, found `flex-direction` (property-sort-order)]]></failure></testcase>
<testcase time="0" name="org.eslint.indentation"><failure message="Mixed tabs and spaces"><![CDATA[line 81, col 5, Warning - Mixed tabs and spaces (indentation)]]></failure></testcase>
<testcase time="0" name="org.eslint.property-sort-order"><failure message="Expected `display`, found `justify-content`"><![CDATA[line 82, col 5, Warning - Expected `display`, found `justify-content` (property-sort-order)]]></failure></testcase>
<testcase time="0" name="org.eslint.indentation"><failure message="Mixed tabs and spaces"><![CDATA[line 82, col 5, Warning - Mixed tabs and spaces (indentation)]]></failure></testcase>
<testcase time="0" name="org.eslint.indentation"><failure message="Mixed tabs and spaces"><![CDATA[line 83, col 5, Warning - Mixed tabs and spaces (indentation)]]></failure></testcase>
<testcase time="0" name="org.eslint.property-sort-order"><failure message="Expected `z-index`, found `padding`"><![CDATA[line 83, col 5, Warning - Expected `z-index`, found `padding` (property-sort-order)]]></failure></testcase>
<testcase time="0" name="org.eslint.property-sort-order"><failure message="Expected `flex-direction`, found `position`"><![CDATA[line 84, col 5, Warning - Expected `flex-direction`, found `position` (property-sort-order)]]></failure></testcase>
<testcase time="0" name="org.eslint.indentation"><failure message="Mixed tabs and spaces"><![CDATA[line 84, col 5, Warning - Mixed tabs and spaces (indentation)]]></failure></testcase>
<testcase time="0" name="org.eslint.indentation"><failure message="Mixed tabs and spaces"><![CDATA[line 85, col 5, Warning - Mixed tabs and spaces (indentation)]]></failure></testcase>
<testcase time="0" name="org.eslint.property-sort-order"><failure message="Expected `justify-content`, found `top`"><![CDATA[line 85, col 5, Warning - Expected `justify-content`, found `top` (property-sort-order)]]></failure></testcase>
<testcase time="0" name="org.eslint.indentation"><failure message="Mixed tabs and spaces"><![CDATA[line 86, col 5, Warning - Mixed tabs and spaces (indentation)]]></failure></testcase>
<testcase time="0" name="org.eslint.property-sort-order"><failure message="Expected `width`, found `transition`"><![CDATA[line 86, col 5, Warning - Expected `width`, found `transition` (property-sort-order)]]></failure></testcase>
<testcase time="0" name="org.eslint.leading-zero"><failure message="Include leading zeros on numbers"><![CDATA[line 86, col 20, Warning - Include leading zeros on numbers (leading-zero)]]></failure></testcase>
<testcase time="0" name="org.eslint.indentation"><failure message="Mixed tabs and spaces"><![CDATA[line 87, col 5, Warning - Mixed tabs and spaces (indentation)]]></failure></testcase>
<testcase time="0" name="org.eslint.property-sort-order"><failure message="Expected `padding`, found `width`"><![CDATA[line 87, col 5, Warning - Expected `padding`, found `width` (property-sort-order)]]></failure></testcase>
<testcase time="0" name="org.eslint.indentation"><failure message="Mixed tabs and spaces"><![CDATA[line 88, col 5, Warning - Mixed tabs and spaces (indentation)]]></failure></testcase>
<testcase time="0" name="org.eslint.property-sort-order"><failure message="Expected `transition`, found `z-index`"><![CDATA[line 89, col 5, Warning - Expected `transition`, found `z-index` (property-sort-order)]]></failure></testcase>
<testcase time="0" name="org.eslint.indentation"><failure message="Mixed tabs and spaces"><![CDATA[line 89, col 5, Warning - Mixed tabs and spaces (indentation)]]></failure></testcase>
<testcase time="0" name="org.eslint.indentation"><failure message="Mixed tabs and spaces"><![CDATA[line 93, col 5, Warning - Mixed tabs and spaces (indentation)]]></failure></testcase>
<testcase time="0" name="org.eslint.property-sort-order"><failure message="Expected `position`, found `flex-direction`"><![CDATA[line 94, col 7, Warning - Expected `position`, found `flex-direction` (property-sort-order)]]></failure></testcase>
<testcase time="0" name="org.eslint.indentation"><failure message="Mixed tabs and spaces"><![CDATA[line 94, col 7, Warning - Mixed tabs and spaces (indentation)]]></failure></testcase>
<testcase time="0" name="org.eslint.property-sort-order"><failure message="Expected `flex-direction`, found `position`"><![CDATA[line 95, col 7, Warning - Expected `flex-direction`, found `position` (property-sort-order)]]></failure></testcase>
<testcase time="0" name="org.eslint.indentation"><failure message="Mixed tabs and spaces"><![CDATA[line 95, col 7, Warning - Mixed tabs and spaces (indentation)]]></failure></testcase>
<testcase time="0" name="org.eslint.indentation"><failure message="Mixed tabs and spaces"><![CDATA[line 98, col 5, Warning - Mixed tabs and spaces (indentation)]]></failure></testcase>
<testcase time="0" name="org.eslint.indentation"><failure message="Mixed tabs and spaces"><![CDATA[line 99, col 7, Warning - Mixed tabs and spaces (indentation)]]></failure></testcase>
<testcase time="0" name="org.eslint.indentation"><failure message="Mixed tabs and spaces"><![CDATA[line 102, col 5, Warning - Mixed tabs and spaces (indentation)]]></failure></testcase>
<testcase time="0" name="org.eslint.indentation"><failure message="Mixed tabs and spaces"><![CDATA[line 103, col 7, Warning - Mixed tabs and spaces (indentation)]]></failure></testcase>
<testcase time="0" name="org.eslint.indentation"><failure message="Mixed tabs and spaces"><![CDATA[line 105, col 7, Warning - Mixed tabs and spaces (indentation)]]></failure></testcase>
<testcase time="0" name="org.eslint.indentation"><failure message="Mixed tabs and spaces"><![CDATA[line 106, col 9, Warning - Mixed tabs and spaces (indentation)]]></failure></testcase>
<testcase time="0" name="org.eslint.indentation"><failure message="Mixed tabs and spaces"><![CDATA[line 109, col 7, Warning - Mixed tabs and spaces (indentation)]]></failure></testcase>
<testcase time="0" name="org.eslint.indentation"><failure message="Mixed tabs and spaces"><![CDATA[line 110, col 9, Warning - Mixed tabs and spaces (indentation)]]></failure></testcase>
<testcase time="0" name="org.eslint.indentation"><failure message="Mixed tabs and spaces"><![CDATA[line 112, col 9, Warning - Mixed tabs and spaces (indentation)]]></failure></testcase>
<testcase time="0" name="org.eslint.indentation"><failure message="Mixed tabs and spaces"><![CDATA[line 113, col 11, Warning - Mixed tabs and spaces (indentation)]]></failure></testcase>
<testcase time="0" name="org.eslint.indentation"><failure message="Mixed tabs and spaces"><![CDATA[line 119, col 3, Warning - Mixed tabs and spaces (indentation)]]></failure></testcase>
<testcase time="0" name="org.eslint.indentation"><failure message="Mixed tabs and spaces"><![CDATA[line 120, col 5, Warning - Mixed tabs and spaces (indentation)]]></failure></testcase>
<testcase time="0" name="org.eslint.indentation"><failure message="Mixed tabs and spaces"><![CDATA[line 122, col 5, Warning - Mixed tabs and spaces (indentation)]]></failure></testcase>
<testcase time="0" name="org.eslint.property-sort-order"><failure message="Expected `position`, found `background-image`"><![CDATA[line 123, col 7, Warning - Expected `position`, found `background-image` (property-sort-order)]]></failure></testcase>
<testcase time="0" name="org.eslint.indentation"><failure message="Mixed tabs and spaces"><![CDATA[line 123, col 7, Warning - Mixed tabs and spaces (indentation)]]></failure></testcase>
<testcase time="0" name="org.eslint.property-sort-order"><failure message="Expected `top`, found `background-repeat`"><![CDATA[line 124, col 7, Warning - Expected `top`, found `background-repeat` (property-sort-order)]]></failure></testcase>
<testcase time="0" name="org.eslint.indentation"><failure message="Mixed tabs and spaces"><![CDATA[line 124, col 7, Warning - Mixed tabs and spaces (indentation)]]></failure></testcase>
<testcase time="0" name="org.eslint.property-sort-order"><failure message="Expected `right`, found `display`"><![CDATA[line 125, col 7, Warning - Expected `right`, found `display` (property-sort-order)]]></failure></testcase>
<testcase time="0" name="org.eslint.indentation"><failure message="Mixed tabs and spaces"><![CDATA[line 125, col 7, Warning - Mixed tabs and spaces (indentation)]]></failure></testcase>
<testcase time="0" name="org.eslint.property-sort-order"><failure message="Expected `display`, found `height`"><![CDATA[line 126, col 7, Warning - Expected `display`, found `height` (property-sort-order)]]></failure></testcase>
<testcase time="0" name="org.eslint.indentation"><failure message="Mixed tabs and spaces"><![CDATA[line 126, col 7, Warning - Mixed tabs and spaces (indentation)]]></failure></testcase>
<testcase time="0" name="org.eslint.property-sort-order"><failure message="Expected `width`, found `text-indent`"><![CDATA[line 127, col 7, Warning - Expected `width`, found `text-indent` (property-sort-order)]]></failure></testcase>
<testcase time="0" name="org.eslint.indentation"><failure message="Mixed tabs and spaces"><![CDATA[line 127, col 7, Warning - Mixed tabs and spaces (indentation)]]></failure></testcase>
<testcase time="0" name="org.eslint.property-sort-order"><failure message="Expected `height`, found `position`"><![CDATA[line 128, col 7, Warning - Expected `height`, found `position` (property-sort-order)]]></failure></testcase>
<testcase time="0" name="org.eslint.indentation"><failure message="Mixed tabs and spaces"><![CDATA[line 128, col 7, Warning - Mixed tabs and spaces (indentation)]]></failure></testcase>
<testcase time="0" name="org.eslint.property-sort-order"><failure message="Expected `text-indent`, found `right`"><![CDATA[line 129, col 7, Warning - Expected `text-indent`, found `right` (property-sort-order)]]></failure></testcase>
<testcase time="0" name="org.eslint.indentation"><failure message="Mixed tabs and spaces"><![CDATA[line 129, col 7, Warning - Mixed tabs and spaces (indentation)]]></failure></testcase>
<testcase time="0" name="org.eslint.property-sort-order"><failure message="Expected `background-image`, found `top`"><![CDATA[line 130, col 7, Warning - Expected `background-image`, found `top` (property-sort-order)]]></failure></testcase>
<testcase time="0" name="org.eslint.indentation"><failure message="Mixed tabs and spaces"><![CDATA[line 130, col 7, Warning - Mixed tabs and spaces (indentation)]]></failure></testcase>
<testcase time="0" name="org.eslint.indentation"><failure message="Mixed tabs and spaces"><![CDATA[line 131, col 7, Warning - Mixed tabs and spaces (indentation)]]></failure></testcase>
<testcase time="0" name="org.eslint.property-sort-order"><failure message="Expected `background-repeat`, found `width`"><![CDATA[line 131, col 7, Warning - Expected `background-repeat`, found `width` (property-sort-order)]]></failure></testcase>
</testsuite>
<testsuite package="org.eslint" time="0" tests="1" errors="1" name="./source/stylesheets/layout/_main.scss">
<testcase time="0" name="org.eslint.indentation"><failure message="Mixed tabs and spaces"><![CDATA[line 2, col 3, Warning - Mixed tabs and spaces (indentation)]]></failure></testcase>
</testsuite>
<testsuite package="org.eslint" time="0" tests="11" errors="11" name="./source/stylesheets/main.scss">
<testcase time="0" name="org.eslint.indentation"><failure message="Mixed tabs and spaces"><![CDATA[line 12, col 3, Warning - Mixed tabs and spaces (indentation)]]></failure></testcase>
<testcase time="0" name="org.eslint.indentation"><failure message="Mixed tabs and spaces"><![CDATA[line 13, col 3, Warning - Mixed tabs and spaces (indentation)]]></failure></testcase>
<testcase time="0" name="org.eslint.indentation"><failure message="Mixed tabs and spaces"><![CDATA[line 14, col 3, Warning - Mixed tabs and spaces (indentation)]]></failure></testcase>
<testcase time="0" name="org.eslint.indentation"><failure message="Mixed tabs and spaces"><![CDATA[line 15, col 3, Warning - Mixed tabs and spaces (indentation)]]></failure></testcase>
<testcase time="0" name="org.eslint.indentation"><failure message="Mixed tabs and spaces"><![CDATA[line 16, col 3, Warning - Mixed tabs and spaces (indentation)]]></failure></testcase>
<testcase time="0" name="org.eslint.indentation"><failure message="Mixed tabs and spaces"><![CDATA[line 20, col 3, Warning - Mixed tabs and spaces (indentation)]]></failure></testcase>
<testcase time="0" name="org.eslint.indentation"><failure message="Mixed tabs and spaces"><![CDATA[line 21, col 3, Warning - Mixed tabs and spaces (indentation)]]></failure></testcase>
<testcase time="0" name="org.eslint.indentation"><failure message="Mixed tabs and spaces"><![CDATA[line 22, col 3, Warning - Mixed tabs and spaces (indentation)]]></failure></testcase>
<testcase time="0" name="org.eslint.indentation"><failure message="Mixed tabs and spaces"><![CDATA[line 23, col 3, Warning - Mixed tabs and spaces (indentation)]]></failure></testcase>
<testcase time="0" name="org.eslint.indentation"><failure message="Mixed tabs and spaces"><![CDATA[line 27, col 3, Warning - Mixed tabs and spaces (indentation)]]></failure></testcase>
<testcase time="0" name="org.eslint.indentation"><failure message="Mixed tabs and spaces"><![CDATA[line 28, col 3, Warning - Mixed tabs and spaces (indentation)]]></failure></testcase>
</testsuite>
</testsuites>
